Log file open, 02/28/20 09:09:27
LogWindows: Failed to load 'aqProf.dll' (GetLastError=126)
LogWindows: File 'aqProf.dll' does not exist
LogWindows: Failed to load 'VtuneApi.dll' (GetLastError=126)
LogWindows: File 'VtuneApi.dll' does not exist
LogWindows: Failed to load 'VtuneApi32e.dll' (GetLastError=126)
LogWindows: File 'VtuneApi32e.dll' does not exist
LogConsoleResponse: Display: Failed to find resolution value strings in scalability ini. Falling back to default.
LogInit: Display: Running engine for game: MoiraProject
LogPakFile: Registered encryption key '00000000000000000000000000000000': 0 pak files mounted, 0 remain pending
LogPlatformFile: Not using cached read wrapper
LogTaskGraph: Started task graph with 5 named threads and 35 total threads with 3 sets of task threads.
LogStats: Stats thread started at 0.420640
LogD3D11RHI: Loaded GFSDK_Aftermath_Lib.x64.dll
LogICUInternationalization: ICU TimeZone Detection - Raw Offset: +1:00, Platform Override: ''
LogPluginManager: Mounting plugin Paper2D
LogPluginManager: Mounting plugin AISupport
LogPluginManager: Mounting plugin LightPropagationVolume
LogPluginManager: Mounting plugin ActorLayerUtilities
LogPluginManager: Mounting plugin AnimationSharing
LogPluginManager: Mounting plugin CLionSourceCodeAccess
LogPluginManager: Mounting plugin CodeLiteSourceCodeAccess
LogPluginManager: Mounting plugin GitSourceControl
LogPluginManager: Mounting plugin KDevelopSourceCodeAccess
LogPluginManager: Mounting plugin NullSourceCodeAccess
LogPluginManager: Mounting plugin PerforceSourceControl
LogPluginManager: Mounting plugin SubversionSourceControl
LogPluginManager: Mounting plugin UObjectPlugin
LogPluginManager: Mounting plugin VisualStudioCodeSourceCodeAccess
LogPluginManager: Mounting plugin VisualStudioSourceCodeAccess
LogPluginManager: Mounting plugin XCodeSourceCodeAccess
LogPluginManager: Mounting plugin AssetManagerEditor
LogPluginManager: Mounting plugin CryptoKeys
LogPluginManager: Mounting plugin DataValidation
LogPluginManager: Mounting plugin EditorScriptingUtilities
LogPluginManager: Mounting plugin FacialAnimation
LogPluginManager: Mounting plugin GameplayTagsEditor
LogPluginManager: Mounting plugin GLTFImporter
LogPluginManager: Mounting plugin MacGraphicsSwitching
LogPluginManager: Mounting plugin MaterialAnalyzer
LogPluginManager: Mounting plugin MeshEditor
LogPluginManager: Mounting plugin MobileLauncherProfileWizard
LogPluginManager: Mounting plugin PluginBrowser
LogPluginManager: Mounting plugin SpeedTreeImporter
LogPluginManager: Mounting plugin DatasmithContent
LogPluginManager: Mounting plugin VariantManagerContent
LogPluginManager: Mounting plugin AlembicImporter
LogPluginManager: Mounting plugin AppleImageUtils
LogPluginManager: Mounting plugin AppleVision
LogPluginManager: Mounting plugin BackChannel
LogPluginManager: Mounting plugin BlastPlugin
LogPluginManager: Mounting plugin ChaosSolverPlugin
LogPluginManager: Mounting plugin CharacterAI
LogPluginManager: Mounting plugin GeometryCache
LogPluginManager: Mounting plugin GeometryCollectionPlugin
LogPluginManager: Mounting plugin HTML5Networking
LogPluginManager: Mounting plugin ProxyLODPlugin
LogPluginManager: Mounting plugin SkeletalReduction
LogPluginManager: Mounting plugin MagicLeap
LogPluginManager: Mounting plugin MagicLeapMedia
LogPluginManager: Mounting plugin AndroidMedia
LogPluginManager: Mounting plugin AvfMedia
LogPluginManager: Mounting plugin ImgMedia
LogPluginManager: Mounting plugin LinearTimecode
LogPluginManager: Mounting plugin MediaCompositing
LogPluginManager: Mounting plugin MediaPlayerEditor
LogPluginManager: Mounting plugin WebMMedia
LogPluginManager: Mounting plugin WmfMedia
LogPluginManager: Mounting plugin TcpMessaging
LogPluginManager: Mounting plugin UdpMessaging
LogPluginManager: Mounting plugin ActorSequence
LogPluginManager: Mounting plugin LevelSequenceEditor
LogPluginManager: Mounting plugin MatineeToLevelSequence
LogPluginManager: Mounting plugin NetcodeUnitTest
LogPluginManager: Mounting plugin NUTUnrealEngine4
LogPluginManager: Mounting plugin OnlineSubsystemGooglePlay
LogPluginManager: Mounting plugin OnlineSubsystemIOS
LogPluginManager: Mounting plugin OnlineSubsystem
LogPluginManager: Mounting plugin OnlineSubsystemNull
LogPluginManager: Mounting plugin OnlineSubsystemUtils
LogPluginManager: Mounting plugin LauncherChunkInstaller
LogPluginManager: Mounting plugin AndroidDeviceProfileSelector
LogPluginManager: Mounting plugin AndroidMoviePlayer
LogPluginManager: Mounting plugin AndroidPermission
LogPluginManager: Mounting plugin AppleMoviePlayer
LogPluginManager: Mounting plugin ArchVisCharacter
LogPluginManager: Mounting plugin AudioCapture
LogPluginManager: Mounting plugin CableComponent
LogPluginManager: Mounting plugin CustomMeshComponent
LogPluginManager: Mounting plugin EditableMesh
LogPluginManager: Mounting plugin ExampleDeviceProfileSelector
LogPluginManager: Mounting plugin Firebase
LogPluginManager: Mounting plugin GoogleCloudMessaging
LogPluginManager: Mounting plugin IOSDeviceProfileSelector
LogPluginManager: Mounting plugin LinuxDeviceProfileSelector
LogPluginManager: Mounting plugin LocationServicesBPLibrary
LogPluginManager: Mounting plugin MobilePatchingUtils
LogPluginManager: Mounting plugin OculusVR
LogPluginManager: Mounting plugin PhysXVehicles
LogPluginManager: Mounting plugin ProceduralMeshComponent
LogPluginManager: Mounting plugin RuntimePhysXCooking
LogPluginManager: Mounting plugin SignificanceManager
LogPluginManager: Mounting plugin SteamVR
LogPluginManager: Mounting plugin WebMMoviePlayer
LogPluginManager: Mounting plugin WindowsMoviePlayer
LogPluginManager: Mounting plugin DatasmithCADImporter
LogPluginManager: Mounting plugin DatasmithDataPrepEditor
LogPluginManager: Mounting plugin DatasmithFBXImporter
LogPluginManager: Mounting plugin DatasmithGLTFImporter
LogPluginManager: Mounting plugin DatasmithImporter
LogPluginManager: Mounting plugin MDLImporter
LogPluginManager: Mounting plugin StaticMeshEditorExtension
LogPluginManager: Mounting plugin VariantManager
LogInit: Using libcurl 7.55.1-DEV
LogInit:  - built for x86_64-pc-win32
LogInit:  - supports SSL with OpenSSL/1.1.1
LogInit:  - supports HTTP deflate (compression) using libz 1.2.8
LogInit:  - other features:
LogInit:      CURL_VERSION_SSL
LogInit:      CURL_VERSION_LIBZ
LogInit:      CURL_VERSION_IPV6
LogInit:      CURL_VERSION_ASYNCHDNS
LogInit:      CURL_VERSION_LARGEFILE
LogInit:      CURL_VERSION_IDN
LogInit:  CurlRequestOptions (configurable via config and command line):
LogInit:  - bVerifyPeer = true  - Libcurl will verify peer certificate
LogInit:  - bUseHttpProxy = false  - Libcurl will NOT use HTTP proxy
LogInit:  - bDontReuseConnections = false  - Libcurl will reuse connections
LogInit:  - MaxHostConnections = 16  - Libcurl will limit the number of connections to a host
LogInit:  - LocalHostAddr = Default
LogInit:  - BufferSize = 65536
LogInit: WinSock: version 1.1 (2.2), MaxSocks=32767, MaxUdp=65467
LogInit: Build: ++UE4+Release-4.22-CL-7053642
LogInit: Engine Version: 4.22.3-7053642+++UE4+Release-4.22
LogInit: Compatible Engine Version: 4.22.0-5660361+++UE4+Release-4.22
LogInit: Net CL: 5660361
LogInit: OS: Windows 10 (Release 1809) (), CPU: AMD Ryzen 5 1600 Six-Core Processor            , GPU: NVIDIA GeForce GTX 1060 3GB
LogInit: Compiled (64-bit): Jun 18 2019 03:09:11
LogInit: Compiled with Visual C++: 19.16.27025.01
LogInit: Build Configuration: Development
LogInit: Branch Name: ++UE4+Release-4.22
LogInit: Command Line:  -EpicPortal -epicusername=Narukyn -epicuserid=1564fcc0ae2c49579ac14154f6d101a7 -epiclocale=en-US
LogInit: Base Directory: C:/Program Files/Epic Games/UE_4.22/Engine/Binaries/Win64/
LogInit: Installed Engine Build: 1
LogDevObjectVersion: Number of dev versions registered: 23
LogDevObjectVersion:   Dev-Blueprints (B0D832E4-1F89-4F0D-ACCF-7EB736FD4AA2): 10
LogDevObjectVersion:   Dev-Build (E1C64328-A22C-4D53-A36C-8E866417BD8C): 0
LogDevObjectVersion:   Dev-Core (375EC13C-06E4-48FB-B500-84F0262A717E): 3
LogDevObjectVersion:   Dev-Editor (E4B068ED-F494-42E9-A231-DA0B2E46BB41): 30
LogDevObjectVersion:   Dev-Framework (CFFC743F-43B0-4480-9391-14DF171D2073): 35
LogDevObjectVersion:   Dev-Mobile (B02B49B5-BB20-44E9-A304-32B752E40360): 2
LogDevObjectVersion:   Dev-Networking (A4E4105C-59A1-49B5-A7C5-40C4547EDFEE): 0
LogDevObjectVersion:   Dev-Online (39C831C9-5AE6-47DC-9A44-9C173E1C8E7C): 0
LogDevObjectVersion:   Dev-Physics (78F01B33-EBEA-4F98-B9B4-84EACCB95AA2): 0
LogDevObjectVersion:   Dev-Platform (6631380F-2D4D-43E0-8009-CF276956A95A): 0
LogDevObjectVersion:   Dev-Rendering (12F88B9F-8875-4AFC-A67C-D90C383ABD29): 28
LogDevObjectVersion:   Dev-Sequencer (7B5AE74C-D270-4C10-A958-57980B212A5A): 11
LogDevObjectVersion:   Dev-VR (D7296918-1DD6-4BDD-9DE2-64A83CC13884): 2
LogDevObjectVersion:   Dev-LoadTimes (C2A15278-BFE7-4AFE-6C17-90FF531DF755): 1
LogDevObjectVersion:   Private-Geometry (6EACA3D4-40EC-4CC1-B786-8BED09428FC5): 3
LogDevObjectVersion:   Dev-AnimPhys (29E575DD-E0A3-4627-9D10-D276232CDCEA): 17
LogDevObjectVersion:   Dev-Anim (AF43A65D-7FD3-4947-9873-3E8ED9C1BB05): 2
LogDevObjectVersion:   Dev-ReflectionCapture (6B266CEC-1EC7-4B8F-A30B-E4D90942FC07): 1
LogDevObjectVersion:   Dev-Automation (0DF73D61-A23F-47EA-B727-89E90C41499A): 1
LogDevObjectVersion:   FortniteMain (601D1886-AC64-4F84-AA16-D3DE0DEAC7D6): 25
LogDevObjectVersion:   Dev-Enterprise (9DFFBCD6-494F-0158-E221-12823C92A888): 6
LogDevObjectVersion:   Dev-Niagara (F2AED0AC-9AFE-416F-8664-AA7FFA26D6FC): 1
LogDevObjectVersion:   Dev-Destruction (174F1F0B-B4C6-45A5-B13F-2EE8D0FB917D): 2
LogInit: Presizing for max 16777216 objects, including 0 objects not considered by GC, pre-allocating 0 bytes for permanent pool.
LogInit: Object subsystem initialized
LogConfig: Setting CVar [[con.DebugEarlyDefault:1]]
LogConfig: Setting CVar [[r.setres:1280x720]]
[2020.02.28-08.09.28:334][  0]LogConfig: Setting CVar [[r.VSync:0]]
[2020.02.28-08.09.28:334][  0]LogConfig: Setting CVar [[r.RHICmdBypass:0]]
[2020.02.28-08.09.28:334][  0]LogConfig: Applying CVar settings from Section [/Script/Engine.RendererSettings] File [C:/Users/alejandro.munoz/Desktop/MoiraProject/MoiraProject/Saved/Config/Windows/Engine.ini]
[2020.02.28-08.09.28:334][  0]LogConfig: Setting CVar [[r.GPUCrashDebugging:0]]
[2020.02.28-08.09.28:334][  0]LogConfig: Applying CVar settings from Section [/Script/Engine.RendererOverrideSettings] File [C:/Users/alejandro.munoz/Desktop/MoiraProject/MoiraProject/Saved/Config/Windows/Engine.ini]
[2020.02.28-08.09.28:334][  0]LogConfig: Applying CVar settings from Section [/Script/Engine.StreamingSettings] File [C:/Users/alejandro.munoz/Desktop/MoiraProject/MoiraProject/Saved/Config/Windows/Engine.ini]
[2020.02.28-08.09.28:334][  0]LogConfig: Setting CVar [[s.MinBulkDataSizeForAsyncLoading:131072]]
[2020.02.28-08.09.28:334][  0]LogConfig: Setting CVar [[s.AsyncLoadingThreadEnabled:0]]
[2020.02.28-08.09.28:334][  0]LogConfig: Setting CVar [[s.EventDrivenLoaderEnabled:1]]
[2020.02.28-08.09.28:334][  0]LogConfig: Setting CVar [[s.WarnIfTimeLimitExceeded:0]]
[2020.02.28-08.09.28:334][  0]LogConfig: Setting CVar [[s.TimeLimitExceededMultiplier:1.5]]
[2020.02.28-08.09.28:334][  0]LogConfig: Setting CVar [[s.TimeLimitExceededMinTime:0.005]]
[2020.02.28-08.09.28:334][  0]LogConfig: Setting CVar [[s.UseBackgroundLevelStreaming:1]]
[2020.02.28-08.09.28:334][  0]LogConfig: Setting CVar [[s.PriorityAsyncLoadingExtraTime:15.0]]
[2020.02.28-08.09.28:334][  0]LogConfig: Setting CVar [[s.LevelStreamingActorsUpdateTimeLimit:5.0]]
[2020.02.28-08.09.28:334][  0]LogConfig: Setting CVar [[s.PriorityLevelStreamingActorsUpdateExtraTime:5.0]]
[2020.02.28-08.09.28:334][  0]LogConfig: Setting CVar [[s.LevelStreamingComponentsRegistrationGranularity:10]]
[2020.02.28-08.09.28:334][  0]LogConfig: Setting CVar [[s.UnregisterComponentsTimeLimit:1.0]]
[2020.02.28-08.09.28:334][  0]LogConfig: Setting CVar [[s.LevelStreamingComponentsUnregistrationGranularity:5]]
[2020.02.28-08.09.28:334][  0]LogConfig: Applying CVar settings from Section [/Script/Engine.GarbageCollectionSettings] File [C:/Users/alejandro.munoz/Desktop/MoiraProject/MoiraProject/Saved/Config/Windows/Engine.ini]
[2020.02.28-08.09.28:334][  0]LogConfig: Setting CVar [[gc.MaxObjectsNotConsideredByGC:1]]
[2020.02.28-08.09.28:334][  0]LogConfig: Setting CVar [[gc.SizeOfPermanentObjectPool:0]]
[2020.02.28-08.09.28:334][  0]LogConfig: Setting CVar [[gc.FlushStreamingOnGC:0]]
[2020.02.28-08.09.28:334][  0]LogConfig: Setting CVar [[gc.NumRetriesBeforeForcingGC:10]]
[2020.02.28-08.09.28:334][  0]LogConfig: Setting CVar [[gc.AllowParallelGC:1]]
[2020.02.28-08.09.28:334][  0]LogConfig: Setting CVar [[gc.TimeBetweenPurgingPendingKillObjects:61.1]]
[2020.02.28-08.09.28:334][  0]LogConfig: Setting CVar [[gc.MaxObjectsInEditor:16777216]]
[2020.02.28-08.09.28:334][  0]LogConfig: Setting CVar [[gc.IncrementalBeginDestroyEnabled:1]]
[2020.02.28-08.09.28:334][  0]LogConfig: Setting CVar [[gc.CreateGCClusters:1]]
[2020.02.28-08.09.28:334][  0]LogConfig: Setting CVar [[gc.MinGCClusterSize:5]]
[2020.02.28-08.09.28:334][  0]LogConfig: Setting CVar [[gc.ActorClusteringEnabled:0]]
[2020.02.28-08.09.28:334][  0]LogConfig: Setting CVar [[gc.BlueprintClusteringEnabled:0]]
[2020.02.28-08.09.28:334][  0]LogConfig: Setting CVar [[gc.UseDisregardForGCOnDedicatedServers:0]]
[2020.02.28-08.09.28:334][  0]LogConfig: Applying CVar settings from Section [/Script/Engine.NetworkSettings] File [C:/Users/alejandro.munoz/Desktop/MoiraProject/MoiraProject/Saved/Config/Windows/Engine.ini]
[2020.02.28-08.09.28:334][  0]LogConfig: Applying CVar settings from Section [/Script/UnrealEd.CookerSettings] File [C:/Users/alejandro.munoz/Desktop/MoiraProject/MoiraProject/Saved/Config/Windows/Engine.ini]
[2020.02.28-08.09.28:337][  0]LogConfig: Applying CVar settings from Section [ViewDistanceQuality@3] File [C:/Users/alejandro.munoz/Desktop/MoiraProject/MoiraProject/Saved/Config/Windows/Scalability.ini]
[2020.02.28-08.09.28:337][  0]LogConfig: Setting CVar [[r.SkeletalMeshLODBias:0]]
[2020.02.28-08.09.28:337][  0]LogConfig: Setting CVar [[r.ViewDistanceScale:1.0]]
[2020.02.28-08.09.28:337][  0]LogConfig: Applying CVar settings from Section [AntiAliasingQuality@3] File [C:/Users/alejandro.munoz/Desktop/MoiraProject/MoiraProject/Saved/Config/Windows/Scalability.ini]
[2020.02.28-08.09.28:337][  0]LogConfig: Setting CVar [[r.PostProcessAAQuality:4]]
[2020.02.28-08.09.28:337][  0]LogConfig: Applying CVar settings from Section [ShadowQuality@3] File [C:/Users/alejandro.munoz/Desktop/MoiraProject/MoiraProject/Saved/Config/Windows/Scalability.ini]
[2020.02.28-08.09.28:337][  0]LogConfig: Setting CVar [[r.LightFunctionQuality:1]]
[2020.02.28-08.09.28:337][  0]LogConfig: Setting CVar [[r.ShadowQuality:5]]
[2020.02.28-08.09.28:337][  0]LogConfig: Setting CVar [[r.Shadow.CSM.MaxCascades:10]]
[2020.02.28-08.09.28:337][  0]LogConfig: Setting CVar [[r.Shadow.MaxResolution:2048]]
[2020.02.28-08.09.28:337][  0]LogConfig: Setting CVar [[r.Shadow.MaxCSMResolution:2048]]
[2020.02.28-08.09.28:337][  0]LogConfig: Setting CVar [[r.Shadow.RadiusThreshold:0.01]]
[2020.02.28-08.09.28:337][  0]LogConfig: Setting CVar [[r.Shadow.DistanceScale:1.0]]
[2020.02.28-08.09.28:337][  0]LogConfig: Setting CVar [[r.Shadow.CSM.TransitionScale:1.0]]
[2020.02.28-08.09.28:337][  0]LogConfig: Setting CVar [[r.Shadow.PreShadowResolutionFactor:1.0]]
[2020.02.28-08.09.28:337][  0]LogConfig: Setting CVar [[r.DistanceFieldShadowing:1]]
[2020.02.28-08.09.28:337][  0]LogConfig: Setting CVar [[r.DistanceFieldAO:1]]
[2020.02.28-08.09.28:337][  0]LogConfig: Setting CVar [[r.AOQuality:2]]
[2020.02.28-08.09.28:337][  0]LogConfig: Setting CVar [[r.VolumetricFog:1]]
[2020.02.28-08.09.28:337][  0]LogConfig: Setting CVar [[r.VolumetricFog.GridPixelSize:8]]
[2020.02.28-08.09.28:337][  0]LogConfig: Setting CVar [[r.VolumetricFog.GridSizeZ:128]]
[2020.02.28-08.09.28:337][  0]LogConfig: Setting CVar [[r.VolumetricFog.HistoryMissSupersampleCount:4]]
[2020.02.28-08.09.28:337][  0]LogConfig: Setting CVar [[r.LightMaxDrawDistanceScale:1]]
[2020.02.28-08.09.28:337][  0]LogConfig: Setting CVar [[r.CapsuleShadows:1]]
[2020.02.28-08.09.28:337][  0]LogConfig: Applying CVar settings from Section [PostProcessQuality@3] File [C:/Users/alejandro.munoz/Desktop/MoiraProject/MoiraProject/Saved/Config/Windows/Scalability.ini]
[2020.02.28-08.09.28:337][  0]LogConfig: Setting CVar [[r.MotionBlurQuality:4]]
[2020.02.28-08.09.28:337][  0]LogConfig: Setting CVar [[r.AmbientOcclusionMipLevelFactor:0.4]]
[2020.02.28-08.09.28:337][  0]LogConfig: Setting CVar [[r.AmbientOcclusionMaxQuality:100]]
[2020.02.28-08.09.28:337][  0]LogConfig: Setting CVar [[r.AmbientOcclusionLevels:-1]]
[2020.02.28-08.09.28:337][  0]LogConfig: Setting CVar [[r.AmbientOcclusionRadiusScale:1.0]]
[2020.02.28-08.09.28:337][  0]LogConfig: Setting CVar [[r.DepthOfFieldQuality:2]]
[2020.02.28-08.09.28:337][  0]LogConfig: Setting CVar [[r.RenderTargetPoolMin:400]]
[2020.02.28-08.09.28:337][  0]LogConfig: Setting CVar [[r.LensFlareQuality:2]]
[2020.02.28-08.09.28:337][  0]LogConfig: Setting CVar [[r.SceneColorFringeQuality:1]]
[2020.02.28-08.09.28:337][  0]LogConfig: Setting CVar [[r.EyeAdaptationQuality:2]]
[2020.02.28-08.09.28:337][  0]LogConfig: Setting CVar [[r.BloomQuality:5]]
[2020.02.28-08.09.28:337][  0]LogConfig: Setting CVar [[r.FastBlurThreshold:100]]
[2020.02.28-08.09.28:337][  0]LogConfig: Setting CVar [[r.Upscale.Quality:3]]
[2020.02.28-08.09.28:337][  0]LogConfig: Setting CVar [[r.Tonemapper.GrainQuantization:1]]
[2020.02.28-08.09.28:337][  0]LogConfig: Setting CVar [[r.LightShaftQuality:1]]
[2020.02.28-08.09.28:337][  0]LogConfig: Setting CVar [[r.Filter.SizeScale:1]]
[2020.02.28-08.09.28:337][  0]LogConfig: Setting CVar [[r.Tonemapper.Quality:5]]
[2020.02.28-08.09.28:337][  0]LogConfig: Setting CVar [[r.DOF.Gather.AccumulatorQuality:1        ; higher gathering accumulator quality]]
[2020.02.28-08.09.28:337][  0]LogConfig: Setting CVar [[r.DOF.Gather.PostfilterMethod:1          ; Median3x3 postfilering method]]
[2020.02.28-08.09.28:337][  0]LogConfig: Setting CVar [[r.DOF.Gather.EnableBokehSettings:0       ; no bokeh simulation when gathering]]
[2020.02.28-08.09.28:337][  0]LogConfig: Setting CVar [[r.DOF.Gather.RingCount:4                 ; medium number of samples when gathering]]
[2020.02.28-08.09.28:337][  0]LogConfig: Setting CVar [[r.DOF.Scatter.ForegroundCompositing:1    ; additive foreground scattering]]
[2020.02.28-08.09.28:337][  0]LogConfig: Setting CVar [[r.DOF.Scatter.BackgroundCompositing:2    ; additive background scattering]]
[2020.02.28-08.09.28:337][  0]LogConfig: Setting CVar [[r.DOF.Scatter.EnableBokehSettings:1      ; bokeh simulation when scattering]]
[2020.02.28-08.09.28:337][  0]LogConfig: Setting CVar [[r.DOF.Scatter.MaxSpriteRatio:0.1         ; only a maximum of 10% of scattered bokeh]]
[2020.02.28-08.09.28:337][  0]LogConfig: Setting CVar [[r.DOF.Recombine.Quality:1                ; cheap slight out of focus]]
[2020.02.28-08.09.28:337][  0]LogConfig: Setting CVar [[r.DOF.Recombine.EnableBokehSettings:0    ; no bokeh simulation on slight out of focus]]
[2020.02.28-08.09.28:337][  0]LogConfig: Setting CVar [[r.DOF.TemporalAAQuality:1                ; more stable temporal accumulation]]
[2020.02.28-08.09.28:337][  0]LogConfig: Setting CVar [[r.DOF.Kernel.MaxForegroundRadius:0.025]]
[2020.02.28-08.09.28:337][  0]LogConfig: Setting CVar [[r.DOF.Kernel.MaxBackgroundRadius:0.025]]
[2020.02.28-08.09.28:337][  0]LogConfig: Applying CVar settings from Section [TextureQuality@3] File [C:/Users/alejandro.munoz/Desktop/MoiraProject/MoiraProject/Saved/Config/Windows/Scalability.ini]
[2020.02.28-08.09.28:338][  0]LogConfig: Setting CVar [[r.Streaming.MipBias:0]]
[2020.02.28-08.09.28:338][  0]LogConfig: Setting CVar [[r.Streaming.AmortizeCPUToGPUCopy:0]]
[2020.02.28-08.09.28:338][  0]LogConfig: Setting CVar [[r.Streaming.MaxNumTexturesToStreamPerFrame:0]]
[2020.02.28-08.09.28:338][  0]LogConfig: Setting CVar [[r.Streaming.Boost:1]]
[2020.02.28-08.09.28:338][  0]LogConfig: Setting CVar [[r.MaxAnisotropy:8]]
[2020.02.28-08.09.28:338][  0]LogConfig: Setting CVar [[r.Streaming.LimitPoolSizeToVRAM:0]]
[2020.02.28-08.09.28:338][  0]LogConfig: Setting CVar [[r.Streaming.PoolSize:1000]]
[2020.02.28-08.09.28:338][  0]LogConfig: Setting CVar [[r.Streaming.MaxEffectiveScreenSize:0]]
[2020.02.28-08.09.28:338][  0]LogConfig: Applying CVar settings from Section [EffectsQuality@3] File [C:/Users/alejandro.munoz/Desktop/MoiraProject/MoiraProject/Saved/Config/Windows/Scalability.ini]
[2020.02.28-08.09.28:338][  0]LogConfig: Setting CVar [[r.TranslucencyLightingVolumeDim:64]]
[2020.02.28-08.09.28:338][  0]LogConfig: Setting CVar [[r.RefractionQuality:2]]
[2020.02.28-08.09.28:338][  0]LogConfig: Setting CVar [[r.SSR.Quality:3]]
[2020.02.28-08.09.28:338][  0]LogConfig: Setting CVar [[r.SceneColorFormat:4]]
[2020.02.28-08.09.28:338][  0]LogConfig: Setting CVar [[r.DetailMode:2]]
[2020.02.28-08.09.28:338][  0]LogConfig: Setting CVar [[r.TranslucencyVolumeBlur:1]]
[2020.02.28-08.09.28:338][  0]LogConfig: Setting CVar [[r.MaterialQualityLevel:1 ; High quality]]
[2020.02.28-08.09.28:338][  0]LogConfig: Setting CVar [[r.SSS.Scale:1]]
[2020.02.28-08.09.28:338][  0]LogConfig: Setting CVar [[r.SSS.SampleSet:2]]
[2020.02.28-08.09.28:338][  0]LogConfig: Setting CVar [[r.SSS.Quality:1]]
[2020.02.28-08.09.28:338][  0]LogConfig: Setting CVar [[r.SSS.HalfRes:1]]
[2020.02.28-08.09.28:338][  0]LogConfig: Setting CVar [[r.EmitterSpawnRateScale:1.0]]
[2020.02.28-08.09.28:338][  0]LogConfig: Setting CVar [[r.ParticleLightQuality:2]]
[2020.02.28-08.09.28:338][  0]LogConfig: Applying CVar settings from Section [FoliageQuality@3] File [C:/Users/alejandro.munoz/Desktop/MoiraProject/MoiraProject/Saved/Config/Windows/Scalability.ini]
[2020.02.28-08.09.28:338][  0]LogConfig: Setting CVar [[foliage.DensityScale:1.0]]
[2020.02.28-08.09.28:338][  0]LogConfig: Setting CVar [[grass.DensityScale:1.0]]
[2020.02.28-08.09.28:338][  0]LogInit: Selected Device Profile: [Windows]
[2020.02.28-08.09.28:338][  0]LogInit: Applying CVar settings loaded from the selected device profile: [Windows]
[2020.02.28-08.09.28:358][  0]LogHAL: Display: Platform has ~ 16 GB [17110818816 / 17179869184 / 16], which maps to Larger [LargestMinGB=32, LargerMinGB=12, DefaultMinGB=8, SmallerMinGB=6, SmallestMinGB=0)
[2020.02.28-08.09.28:358][  0]LogConfig: Setting CVar [[r.Vulkan.UseRealUBs:0		; Required until we fix HLR fall-out]]
[2020.02.28-08.09.28:358][  0]LogInit: Going up to parent DeviceProfile []
[2020.02.28-08.09.28:358][  0]LogConfig: Applying CVar settings from Section [ViewDistanceQuality@3] File [C:/Users/alejandro.munoz/Desktop/MoiraProject/MoiraProject/Saved/Config/Windows/Scalability.ini]
[2020.02.28-08.09.28:358][  0]LogConfig: Setting CVar [[r.SkeletalMeshLODBias:0]]
[2020.02.28-08.09.28:358][  0]LogConfig: Setting CVar [[r.ViewDistanceScale:1.0]]
[2020.02.28-08.09.28:358][  0]LogConfig: Applying CVar settings from Section [AntiAliasingQuality@3] File [C:/Users/alejandro.munoz/Desktop/MoiraProject/MoiraProject/Saved/Config/Windows/Scalability.ini]
[2020.02.28-08.09.28:358][  0]LogConfig: Setting CVar [[r.PostProcessAAQuality:4]]
[2020.02.28-08.09.28:358][  0]LogConfig: Applying CVar settings from Section [ShadowQuality@3] File [C:/Users/alejandro.munoz/Desktop/MoiraProject/MoiraProject/Saved/Config/Windows/Scalability.ini]
[2020.02.28-08.09.28:358][  0]LogConfig: Setting CVar [[r.LightFunctionQuality:1]]
[2020.02.28-08.09.28:358][  0]LogConfig: Setting CVar [[r.ShadowQuality:5]]
[2020.02.28-08.09.28:358][  0]LogConfig: Setting CVar [[r.Shadow.CSM.MaxCascades:10]]
[2020.02.28-08.09.28:358][  0]LogConfig: Setting CVar [[r.Shadow.MaxResolution:2048]]
[2020.02.28-08.09.28:358][  0]LogConfig: Setting CVar [[r.Shadow.MaxCSMResolution:2048]]
[2020.02.28-08.09.28:358][  0]LogConfig: Setting CVar [[r.Shadow.RadiusThreshold:0.01]]
[2020.02.28-08.09.28:358][  0]LogConfig: Setting CVar [[r.Shadow.DistanceScale:1.0]]
[2020.02.28-08.09.28:358][  0]LogConfig: Setting CVar [[r.Shadow.CSM.TransitionScale:1.0]]
[2020.02.28-08.09.28:359][  0]LogConfig: Setting CVar [[r.Shadow.PreShadowResolutionFactor:1.0]]
[2020.02.28-08.09.28:359][  0]LogConfig: Setting CVar [[r.DistanceFieldShadowing:1]]
[2020.02.28-08.09.28:359][  0]LogConfig: Setting CVar [[r.DistanceFieldAO:1]]
[2020.02.28-08.09.28:359][  0]LogConfig: Setting CVar [[r.AOQuality:2]]
[2020.02.28-08.09.28:359][  0]LogConfig: Setting CVar [[r.VolumetricFog:1]]
[2020.02.28-08.09.28:359][  0]LogConfig: Setting CVar [[r.VolumetricFog.GridPixelSize:8]]
[2020.02.28-08.09.28:359][  0]LogConfig: Setting CVar [[r.VolumetricFog.GridSizeZ:128]]
[2020.02.28-08.09.28:359][  0]LogConfig: Setting CVar [[r.VolumetricFog.HistoryMissSupersampleCount:4]]
[2020.02.28-08.09.28:359][  0]LogConfig: Setting CVar [[r.LightMaxDrawDistanceScale:1]]
[2020.02.28-08.09.28:359][  0]LogConfig: Setting CVar [[r.CapsuleShadows:1]]
[2020.02.28-08.09.28:359][  0]LogConfig: Applying CVar settings from Section [PostProcessQuality@3] File [C:/Users/alejandro.munoz/Desktop/MoiraProject/MoiraProject/Saved/Config/Windows/Scalability.ini]
[2020.02.28-08.09.28:359][  0]LogConfig: Setting CVar [[r.MotionBlurQuality:4]]
[2020.02.28-08.09.28:359][  0]LogConfig: Setting CVar [[r.AmbientOcclusionMipLevelFactor:0.4]]
[2020.02.28-08.09.28:359][  0]LogConfig: Setting CVar [[r.AmbientOcclusionMaxQuality:100]]
[2020.02.28-08.09.28:359][  0]LogConfig: Setting CVar [[r.AmbientOcclusionLevels:-1]]
[2020.02.28-08.09.28:359][  0]LogConfig: Setting CVar [[r.AmbientOcclusionRadiusScale:1.0]]
[2020.02.28-08.09.28:359][  0]LogConfig: Setting CVar [[r.DepthOfFieldQuality:2]]
[2020.02.28-08.09.28:359][  0]LogConfig: Setting CVar [[r.RenderTargetPoolMin:400]]
[2020.02.28-08.09.28:359][  0]LogConfig: Setting CVar [[r.LensFlareQuality:2]]
[2020.02.28-08.09.28:359][  0]LogConfig: Setting CVar [[r.SceneColorFringeQuality:1]]
[2020.02.28-08.09.28:359][  0]LogConfig: Setting CVar [[r.EyeAdaptationQuality:2]]
[2020.02.28-08.09.28:359][  0]LogConfig: Setting CVar [[r.BloomQuality:5]]
[2020.02.28-08.09.28:359][  0]LogConfig: Setting CVar [[r.FastBlurThreshold:100]]
[2020.02.28-08.09.28:359][  0]LogConfig: Setting CVar [[r.Upscale.Quality:3]]
[2020.02.28-08.09.28:359][  0]LogConfig: Setting CVar [[r.Tonemapper.GrainQuantization:1]]
[2020.02.28-08.09.28:359][  0]LogConfig: Setting CVar [[r.LightShaftQuality:1]]
[2020.02.28-08.09.28:359][  0]LogConfig: Setting CVar [[r.Filter.SizeScale:1]]
[2020.02.28-08.09.28:359][  0]LogConfig: Setting CVar [[r.Tonemapper.Quality:5]]
[2020.02.28-08.09.28:359][  0]LogConfig: Setting CVar [[r.DOF.Gather.AccumulatorQuality:1        ; higher gathering accumulator quality]]
[2020.02.28-08.09.28:359][  0]LogConfig: Setting CVar [[r.DOF.Gather.PostfilterMethod:1          ; Median3x3 postfilering method]]
[2020.02.28-08.09.28:359][  0]LogConfig: Setting CVar [[r.DOF.Gather.EnableBokehSettings:0       ; no bokeh simulation when gathering]]
[2020.02.28-08.09.28:359][  0]LogConfig: Setting CVar [[r.DOF.Gather.RingCount:4                 ; medium number of samples when gathering]]
[2020.02.28-08.09.28:359][  0]LogConfig: Setting CVar [[r.DOF.Scatter.ForegroundCompositing:1    ; additive foreground scattering]]
[2020.02.28-08.09.28:359][  0]LogConfig: Setting CVar [[r.DOF.Scatter.BackgroundCompositing:2    ; additive background scattering]]
[2020.02.28-08.09.28:359][  0]LogConfig: Setting CVar [[r.DOF.Scatter.EnableBokehSettings:1      ; bokeh simulation when scattering]]
[2020.02.28-08.09.28:359][  0]LogConfig: Setting CVar [[r.DOF.Scatter.MaxSpriteRatio:0.1         ; only a maximum of 10% of scattered bokeh]]
[2020.02.28-08.09.28:359][  0]LogConfig: Setting CVar [[r.DOF.Recombine.Quality:1                ; cheap slight out of focus]]
[2020.02.28-08.09.28:359][  0]LogConfig: Setting CVar [[r.DOF.Recombine.EnableBokehSettings:0    ; no bokeh simulation on slight out of focus]]
[2020.02.28-08.09.28:359][  0]LogConfig: Setting CVar [[r.DOF.TemporalAAQuality:1                ; more stable temporal accumulation]]
[2020.02.28-08.09.28:359][  0]LogConfig: Setting CVar [[r.DOF.Kernel.MaxForegroundRadius:0.025]]
[2020.02.28-08.09.28:359][  0]LogConfig: Setting CVar [[r.DOF.Kernel.MaxBackgroundRadius:0.025]]
[2020.02.28-08.09.28:359][  0]LogConfig: Applying CVar settings from Section [TextureQuality@3] File [C:/Users/alejandro.munoz/Desktop/MoiraProject/MoiraProject/Saved/Config/Windows/Scalability.ini]
[2020.02.28-08.09.28:359][  0]LogConfig: Setting CVar [[r.Streaming.MipBias:0]]
[2020.02.28-08.09.28:359][  0]LogConfig: Setting CVar [[r.Streaming.AmortizeCPUToGPUCopy:0]]
[2020.02.28-08.09.28:359][  0]LogConfig: Setting CVar [[r.Streaming.MaxNumTexturesToStreamPerFrame:0]]
[2020.02.28-08.09.28:359][  0]LogConfig: Setting CVar [[r.Streaming.Boost:1]]
[2020.02.28-08.09.28:359][  0]LogConfig: Setting CVar [[r.MaxAnisotropy:8]]
[2020.02.28-08.09.28:359][  0]LogConfig: Setting CVar [[r.Streaming.LimitPoolSizeToVRAM:0]]
[2020.02.28-08.09.28:359][  0]LogConfig: Setting CVar [[r.Streaming.PoolSize:1000]]
[2020.02.28-08.09.28:359][  0]LogConfig: Setting CVar [[r.Streaming.MaxEffectiveScreenSize:0]]
[2020.02.28-08.09.28:359][  0]LogConfig: Applying CVar settings from Section [EffectsQuality@3] File [C:/Users/alejandro.munoz/Desktop/MoiraProject/MoiraProject/Saved/Config/Windows/Scalability.ini]
[2020.02.28-08.09.28:359][  0]LogConfig: Setting CVar [[r.TranslucencyLightingVolumeDim:64]]
[2020.02.28-08.09.28:359][  0]LogConfig: Setting CVar [[r.RefractionQuality:2]]
[2020.02.28-08.09.28:359][  0]LogConfig: Setting CVar [[r.SSR.Quality:3]]
[2020.02.28-08.09.28:359][  0]LogConfig: Setting CVar [[r.SceneColorFormat:4]]
[2020.02.28-08.09.28:359][  0]LogConfig: Setting CVar [[r.DetailMode:2]]
[2020.02.28-08.09.28:359][  0]LogConfig: Setting CVar [[r.TranslucencyVolumeBlur:1]]
[2020.02.28-08.09.28:359][  0]LogConfig: Setting CVar [[r.MaterialQualityLevel:1 ; High quality]]
[2020.02.28-08.09.28:359][  0]LogConfig: Setting CVar [[r.SSS.Scale:1]]
[2020.02.28-08.09.28:359][  0]LogConfig: Setting CVar [[r.SSS.SampleSet:2]]
[2020.02.28-08.09.28:359][  0]LogConfig: Setting CVar [[r.SSS.Quality:1]]
[2020.02.28-08.09.28:359][  0]LogConfig: Setting CVar [[r.SSS.HalfRes:1]]
[2020.02.28-08.09.28:359][  0]LogConfig: Setting CVar [[r.EmitterSpawnRateScale:1.0]]
[2020.02.28-08.09.28:359][  0]LogConfig: Setting CVar [[r.ParticleLightQuality:2]]
[2020.02.28-08.09.28:359][  0]LogConfig: Applying CVar settings from Section [FoliageQuality@3] File [C:/Users/alejandro.munoz/Desktop/MoiraProject/MoiraProject/Saved/Config/Windows/Scalability.ini]
[2020.02.28-08.09.28:359][  0]LogConfig: Setting CVar [[foliage.DensityScale:1.0]]
[2020.02.28-08.09.28:359][  0]LogConfig: Setting CVar [[grass.DensityScale:1.0]]
[2020.02.28-08.09.28:359][  0]LogConfig: Applying CVar settings from Section [Startup] File [../../../Engine/Config/ConsoleVariables.ini]
[2020.02.28-08.09.28:360][  0]LogConfig: Setting CVar [[net.UseAdaptiveNetUpdateFrequency:0]]
[2020.02.28-08.09.28:360][  0]LogConfig: Setting CVar [[p.chaos.AllowCreatePhysxBodies:1]]
[2020.02.28-08.09.28:360][  0]LogConfig: Applying CVar settings from Section [ConsoleVariables] File [C:/Users/alejandro.munoz/Desktop/MoiraProject/MoiraProject/Saved/Config/Windows/Engine.ini]
[2020.02.28-08.09.28:360][  0]LogInit: Computer: S2-05
[2020.02.28-08.09.28:360][  0]LogInit: User: alejandromunoz
[2020.02.28-08.09.28:360][  0]LogInit: CPU Page size=4096, Cores=6
[2020.02.28-08.09.28:360][  0]LogInit: High frequency timer resolution =10.000000 MHz
[2020.02.28-08.09.28:360][  0]LogMemory: Memory total: Physical=15.9GB (16GB approx)
[2020.02.28-08.09.28:360][  0]LogMemory: Platform Memory Stats for Windows
[2020.02.28-08.09.28:360][  0]LogMemory: Process Physical Memory: 97.19 MB used, 97.20 MB peak
[2020.02.28-08.09.28:360][  0]LogMemory: Process Virtual Memory: 89.69 MB used, 89.69 MB peak
[2020.02.28-08.09.28:360][  0]LogMemory: Physical Memory: 4497.80 MB used,  11820.34 MB free, 16318.15 MB total
[2020.02.28-08.09.28:360][  0]LogMemory: Virtual Memory: 4674.64 MB used,  134213056.00 MB free, 134217728.00 MB total
[2020.02.28-08.09.28:395][  0]LogInit: Using OS detected language (en-US).
[2020.02.28-08.09.28:395][  0]LogInit: Using OS detected locale (es-ES).
[2020.02.28-08.09.28:397][  0]LogTextLocalizationManager: No specific localization for 'en-US' exists, so the 'en' localization will be used.
[2020.02.28-08.09.28:574][  0]LogInit: Setting process to per monitor DPI aware
[2020.02.28-08.09.28:613][  0]LogSlate: New Slate User Created.  User Index 0, Is Virtual User: 0
[2020.02.28-08.09.28:613][  0]LogSlate: Slate User Registered.  User Index 0, Is Virtual User: 0
[2020.02.28-08.09.29:008][  0]LogHMD: Failed to initialize OpenVR with code 110
[2020.02.28-08.09.29:008][  0]LogD3D11RHI: D3D11 adapters:
[2020.02.28-08.09.29:087][  0]LogD3D11RHI:    0. 'NVIDIA GeForce GTX 1060 3GB' (Feature Level 11_0)
[2020.02.28-08.09.29:087][  0]LogD3D11RHI:       2988/0/8159 MB DedicatedVideo/DedicatedSystem/SharedSystem, Outputs:1, VendorId:0x10de
[2020.02.28-08.09.29:090][  0]LogD3D11RHI:    1. 'Microsoft Basic Render Driver' (Feature Level 11_0)
[2020.02.28-08.09.29:090][  0]LogD3D11RHI:       0/0/8159 MB DedicatedVideo/DedicatedSystem/SharedSystem, Outputs:0, VendorId:0x1414
[2020.02.28-08.09.29:090][  0]LogD3D11RHI: Chosen D3D11 Adapter: 0
[2020.02.28-08.09.29:097][  0]LogD3D11RHI: Creating new Direct3DDevice
[2020.02.28-08.09.29:097][  0]LogD3D11RHI:     GPU DeviceId: 0x1c02 (for the marketing name, search the web for "GPU Device Id")
[2020.02.28-08.09.29:097][  0]LogWindows: EnumDisplayDevices:
[2020.02.28-08.09.29:097][  0]LogWindows:    0. 'NVIDIA GeForce GTX 1060 3GB' (P:1 D:1)
[2020.02.28-08.09.29:097][  0]LogWindows:    1. 'NVIDIA GeForce GTX 1060 3GB' (P:0 D:0)
[2020.02.28-08.09.29:097][  0]LogWindows:    2. 'NVIDIA GeForce GTX 1060 3GB' (P:0 D:0)
[2020.02.28-08.09.29:097][  0]LogWindows:    3. 'NVIDIA GeForce GTX 1060 3GB' (P:0 D:0)
[2020.02.28-08.09.29:098][  0]LogWindows: DebugString: FoundDriverCount:4 
[2020.02.28-08.09.29:098][  0]LogD3D11RHI:     Adapter Name: NVIDIA GeForce GTX 1060 3GB
[2020.02.28-08.09.29:098][  0]LogD3D11RHI:   Driver Version: 399.24 (internal:24.21.13.9924, unified:399.24)
[2020.02.28-08.09.29:098][  0]LogD3D11RHI:      Driver Date: 9-5-2018
[2020.02.28-08.09.29:098][  0]LogRHI: Texture pool is 2091 MB (70% of 2988 MB)
[2020.02.28-08.09.29:155][  0]LogD3D11RHI: Async texture creation enabled
[2020.02.28-08.09.29:158][  0]LogRendererCore: FGlobalReadBuffer::InitRHI
[2020.02.28-08.09.29:159][  0]LogRendererCore: FGlobalReadBuffer::InitRHI
[2020.02.28-08.09.29:159][  0]LogRendererCore: FGlobalReadBuffer::InitRHI
[2020.02.28-08.09.29:173][  0]LogD3D11RHI: GPU Timing Frequency: 1000.000000 (Debug: 2 2)
[2020.02.28-08.09.29:501][  0]LogTemp: Display: Module 'AllDesktopTargetPlatform' loaded TargetPlatform 'AllDesktop'
[2020.02.28-08.09.29:523][  0]LogTemp: Display: Module 'MacClientTargetPlatform' loaded TargetPlatform 'MacClient'
[2020.02.28-08.09.29:543][  0]LogTemp: Display: Module 'MacNoEditorTargetPlatform' loaded TargetPlatform 'MacNoEditor'
[2020.02.28-08.09.29:564][  0]LogTemp: Display: Module 'MacServerTargetPlatform' loaded TargetPlatform 'MacServer'
[2020.02.28-08.09.29:588][  0]LogTemp: Display: Module 'MacTargetPlatform' loaded TargetPlatform 'Mac'
[2020.02.28-08.09.29:614][  0]LogTemp: Display: Module 'WindowsClientTargetPlatform' loaded TargetPlatform 'WindowsClient'
[2020.02.28-08.09.29:636][  0]LogTemp: Display: Module 'WindowsNoEditorTargetPlatform' loaded TargetPlatform 'WindowsNoEditor'
[2020.02.28-08.09.29:658][  0]LogTemp: Display: Module 'WindowsServerTargetPlatform' loaded TargetPlatform 'WindowsServer'
[2020.02.28-08.09.29:670][  0]LogTemp: Display: Module 'WindowsTargetPlatform' loaded TargetPlatform 'Windows'
[2020.02.28-08.09.29:808][  0]LogTemp: Display: Module 'AndroidTargetPlatform' loaded TargetPlatform 'Android'
[2020.02.28-08.09.29:808][  0]LogTemp: Display: Module 'AndroidTargetPlatform' loaded TargetPlatform 'Android_ASTC'
[2020.02.28-08.09.29:808][  0]LogTemp: Display: Module 'AndroidTargetPlatform' loaded TargetPlatform 'Android_ATC'
[2020.02.28-08.09.29:808][  0]LogTemp: Display: Module 'AndroidTargetPlatform' loaded TargetPlatform 'Android_DXT'
[2020.02.28-08.09.29:808][  0]LogTemp: Display: Module 'AndroidTargetPlatform' loaded TargetPlatform 'Android_ETC1'
[2020.02.28-08.09.29:808][  0]LogTemp: Display: Module 'AndroidTargetPlatform' loaded TargetPlatform 'Android_ETC1a'
[2020.02.28-08.09.29:808][  0]LogTemp: Display: Module 'AndroidTargetPlatform' loaded TargetPlatform 'Android_ETC2'
[2020.02.28-08.09.29:808][  0]LogTemp: Display: Module 'AndroidTargetPlatform' loaded TargetPlatform 'Android_PVRTC'
[2020.02.28-08.09.29:808][  0]LogTemp: Display: Module 'AndroidTargetPlatform' loaded TargetPlatform 'AndroidClient'
[2020.02.28-08.09.29:808][  0]LogTemp: Display: Module 'AndroidTargetPlatform' loaded TargetPlatform 'Android_ASTCClient'
[2020.02.28-08.09.29:808][  0]LogTemp: Display: Module 'AndroidTargetPlatform' loaded TargetPlatform 'Android_ATCClient'
[2020.02.28-08.09.29:808][  0]LogTemp: Display: Module 'AndroidTargetPlatform' loaded TargetPlatform 'Android_DXTClient'
[2020.02.28-08.09.29:808][  0]LogTemp: Display: Module 'AndroidTargetPlatform' loaded TargetPlatform 'Android_ETC1Client'
[2020.02.28-08.09.29:808][  0]LogTemp: Display: Module 'AndroidTargetPlatform' loaded TargetPlatform 'Android_ETC1aClient'
[2020.02.28-08.09.29:808][  0]LogTemp: Display: Module 'AndroidTargetPlatform' loaded TargetPlatform 'Android_ETC2Client'
[2020.02.28-08.09.29:808][  0]LogTemp: Display: Module 'AndroidTargetPlatform' loaded TargetPlatform 'Android_PVRTCClient'
[2020.02.28-08.09.29:808][  0]LogTemp: Display: Module 'AndroidTargetPlatform' loaded TargetPlatform 'Android_Multi'
[2020.02.28-08.09.29:808][  0]LogTemp: Display: Module 'AndroidTargetPlatform' loaded TargetPlatform 'Android_MultiClient'
[2020.02.28-08.09.29:814][  0]LogTemp: Display: Module 'HTML5TargetPlatform' loaded TargetPlatform 'HTML5'
[2020.02.28-08.09.29:879][  0]LogTemp: Display: Module 'IOSTargetPlatform' loaded TargetPlatform 'IOSClient'
[2020.02.28-08.09.29:879][  0]LogTemp: Display: Module 'IOSTargetPlatform' loaded TargetPlatform 'IOS'
[2020.02.28-08.09.29:919][  0]LogTemp: Display: Module 'TVOSTargetPlatform' loaded TargetPlatform 'TVOSClient'
[2020.02.28-08.09.29:919][  0]LogTemp: Display: Module 'TVOSTargetPlatform' loaded TargetPlatform 'TVOS'
[2020.02.28-08.09.29:941][  0]LogTemp: Display: Module 'LinuxClientTargetPlatform' loaded TargetPlatform 'LinuxClient'
[2020.02.28-08.09.29:963][  0]LogTemp: Display: Module 'LinuxNoEditorTargetPlatform' loaded TargetPlatform 'LinuxNoEditor'
[2020.02.28-08.09.29:983][  0]LogTemp: Display: Module 'LinuxServerTargetPlatform' loaded TargetPlatform 'LinuxServer'
[2020.02.28-08.09.30:007][  0]LogTemp: Display: Module 'LinuxTargetPlatform' loaded TargetPlatform 'Linux'
[2020.02.28-08.09.30:083][  0]LogTemp: Display: Module 'LuminTargetPlatform' loaded TargetPlatform 'Lumin'
[2020.02.28-08.09.30:083][  0]LogTemp: Display: Module 'LuminTargetPlatform' loaded TargetPlatform 'LuminClient'
[2020.02.28-08.09.30:083][  0]LogTargetPlatformManager: Display: Building Assets For Windows
[2020.02.28-08.09.30:098][  0]LogAudioDebug: Display: Lib vorbis DLL was dynamically loaded.
[2020.02.28-08.09.30:214][  0]LogShaderCompilers: Guid format shader working directory is -18 characters bigger than the processId version (../../../../../../Users/alejandro.munoz/Desktop/MoiraProject/MoiraProject/Intermediate/Shaders/WorkingDirectory/11164/).
[2020.02.28-08.09.30:215][  0]LogShaderCompilers: Cleaned the shader compiler working directory 'C:/Users/alejandro.munoz/AppData/Local/Temp/UnrealShaderWorkingDir/73EC7FC347A8F23C66E11FB94D20E2AE/'.
[2020.02.28-08.09.30:218][  0]LogXGEController: Cannot use XGE Controller as Incredibuild is not installed on this machine.
[2020.02.28-08.09.30:218][  0]LogShaderCompilers: Cannot use XGE Shader Compiler as Incredibuild is not installed on this machine.
[2020.02.28-08.09.30:218][  0]LogShaderCompilers: Display: Using Local Shader Compiler.
[2020.02.28-08.09.30:895][  0]LogDerivedDataCache: Display: Max Cache Size: 512 MB
[2020.02.28-08.09.30:939][  0]LogDerivedDataCache: Loaded boot cache 0.04s 72MB C:/Users/alejandro.munoz/AppData/Local/UnrealEngine/4.22/DerivedDataCache/Boot.ddc.
[2020.02.28-08.09.30:939][  0]LogDerivedDataCache: Display: Loaded Boot cache: C:/Users/alejandro.munoz/AppData/Local/UnrealEngine/4.22/DerivedDataCache/Boot.ddc
[2020.02.28-08.09.30:939][  0]LogDerivedDataCache: FDerivedDataBackendGraph:  Pak pak cache file ../../../../../../Users/alejandro.munoz/Desktop/MoiraProject/MoiraProject/DerivedDataCache/DDC.ddp not found, will not use a pak cache.
[2020.02.28-08.09.30:939][  0]LogDerivedDataCache: Unable to find inner node Pak for hierarchical cache Hierarchy.
[2020.02.28-08.09.30:939][  0]LogDerivedDataCache: FDerivedDataBackendGraph:  CompressedPak pak cache file ../../../../../../Users/alejandro.munoz/Desktop/MoiraProject/MoiraProject/DerivedDataCache/Compressed.ddp not found, will not use a pak cache.
[2020.02.28-08.09.30:939][  0]LogDerivedDataCache: Unable to find inner node CompressedPak for hierarchical cache Hierarchy.
[2020.02.28-08.09.30:954][  0]LogDerivedDataCache: Display: Pak cache opened for reading ../../../Engine/DerivedDataCache/Compressed.ddp.
[2020.02.28-08.09.30:957][  0]LogDerivedDataCache: Display: Pak cache opened for reading ../../../Enterprise/DerivedDataCache/Compressed.ddp.
[2020.02.28-08.09.30:970][  0]LogDerivedDataCache: Using Local data cache path C:/Users/alejandro.munoz/AppData/Local/UnrealEngine/Common/DerivedDataCache: Writable
[2020.02.28-08.09.30:970][  0]LogDerivedDataCache: Shared data cache path not found in *engine.ini, will not use an Shared cache.
[2020.02.28-08.09.30:970][  0]LogDerivedDataCache: Unable to find inner node Shared for hierarchical cache Hierarchy.
[2020.02.28-08.09.30:995][  0]LogMaterial: Verifying Global Shaders for PCD3D_SM5
[2020.02.28-08.09.30:996][  0]LogSlate: Using FreeType 2.6.0
[2020.02.28-08.09.30:997][  0]LogSlate: SlateFontServices - WITH_FREETYPE: 1, WITH_HARFBUZZ: 1
[2020.02.28-08.09.31:115][  0]LogAssetRegistry: FAssetRegistry took 0.0397 seconds to start up
[2020.02.28-08.09.31:674][  0]LogInit: Selected Device Profile: [Windows]
[2020.02.28-08.09.31:858][  0]LogMeshReduction: Using QuadricMeshReduction for automatic static mesh reduction
[2020.02.28-08.09.31:858][  0]LogMeshReduction: Using SimplygonMeshReduction for automatic skeletal mesh reduction
[2020.02.28-08.09.31:858][  0]LogMeshReduction: Using ProxyLODMeshReduction for automatic mesh merging
[2020.02.28-08.09.31:859][  0]LogMeshReduction: No distributed automatic mesh merging module available
[2020.02.28-08.09.31:859][  0]LogMeshMerging: No distributed automatic mesh merging module available
[2020.02.28-08.09.31:873][  0]LogNetVersion: MoiraProject 1.0.0, NetCL: 5660361, EngineNetVer: 10, GameNetVer: 0 (Checksum: 3284360939)
[2020.02.28-08.09.32:472][  0]LogPackageLocalizationCache: Processed 16 localized package path(s) for 1 prioritized culture(s) in 0.101760 seconds
[2020.02.28-08.09.32:480][  0]LogUObjectArray: 42205 objects as part of root set at end of initial load.
[2020.02.28-08.09.32:480][  0]LogUObjectAllocator: 7325032 out of 0 bytes used by permanent object pool.
[2020.02.28-08.09.32:480][  0]LogUObjectArray: CloseDisregardForGC: 0/0 objects in disregard for GC pool
[2020.02.28-08.09.33:788][  0]LogTcpMessaging: Initializing TcpMessaging bridge
[2020.02.28-08.09.33:804][  0]LogUdpMessaging: Initializing bridge on interface 0.0.0.0:0 to multicast group 230.0.0.1:6666.
[2020.02.28-08.09.33:943][  0]SourceControl: Source control is disabled
[2020.02.28-08.09.33:943][  0]SourceControl: Source control is disabled
[2020.02.28-08.09.33:946][  0]SourceControl: Source control is disabled
[2020.02.28-08.09.33:948][  0]SourceControl: Source control is disabled
[2020.02.28-08.09.34:271][  0]LogAndroidPermission: UAndroidPermissionCallbackProxy::GetInstance
[2020.02.28-08.09.34:346][  0]LogOcInput: OculusInput pre-init called
[2020.02.28-08.09.38:045][  0]LogWindows: Failed to load 'libalias_api.dll' (GetLastError=126)
[2020.02.28-08.09.38:045][  0]LogWindows: File 'libalias_api.dll' does not exist
[2020.02.28-08.09.38:048][  0]LogWindows: Failed to load 'libalias_api.dll' (GetLastError=126)
[2020.02.28-08.09.38:048][  0]LogWindows: File 'libalias_api.dll' does not exist
[2020.02.28-08.09.38:205][  0]LogEngine: Initializing Engine...
[2020.02.28-08.09.38:207][  0]LogHMD: Failed to initialize OpenVR with code 110
[2020.02.28-08.09.38:208][  0]LogStats: UGameplayTagsManager::InitializeManager -  0.000 s
[2020.02.28-08.09.38:461][  0]LogInit: Initializing FReadOnlyCVARCache
[2020.02.28-08.09.38:479][  0]LogAIModule: Creating AISystem for world Untitled
[2020.02.28-08.09.38:491][  0]LogInit: XAudio2 using 'Realtek Digital Output (Realtek High Definition Audio)' : 2 channels at 48 kHz using 16 bits per sample (channel mask 0x3)
[2020.02.28-08.09.38:511][  0]LogInit: FAudioDevice initialized.
[2020.02.28-08.09.38:511][  0]LogNetVersion: Set ProjectVersion to 1.0.0.0. Version Checksum will be recalculated on next use.
[2020.02.28-08.09.38:633][  0]LogDerivedDataCache: Saved boot cache 0.12s 72MB C:/Users/alejandro.munoz/AppData/Local/UnrealEngine/4.22/DerivedDataCache/Boot.ddc.
[2020.02.28-08.09.38:648][  0]LogInit: Texture streaming: Enabled
[2020.02.28-08.09.38:672][  0]LogEngineSessionManager: EngineSessionManager initialized
[2020.02.28-08.09.38:699][  0]LogInit: Transaction tracking system initialized
[2020.02.28-08.09.38:734][  0]BlueprintLog: New page: Editor Load
[2020.02.28-08.09.38:853][  0]LocalizationService: Localization service is disabled
[2020.02.28-08.09.39:311][  0]LogFileCache: Scanning file cache for directory 'C:/Users/alejandro.munoz/Desktop/MoiraProject/MoiraProject/Content/' took 0.02s
[2020.02.28-08.09.39:312][  0]LogCook: Display: Max memory allowance for cook 16384mb min free memory 0mb
[2020.02.28-08.09.39:312][  0]LogCook: Display: Mobile HDR setting 1
[2020.02.28-08.09.39:444][  0]LogLinker: Warning: Error opening file '../../../Engine/Content/BasicShapes/Cube.uasset'.
[2020.02.28-08.09.39:444][  0]LogLinker: Warning: Error opening file '../../../Engine/Content/BasicShapes/Cube.uasset'.
[2020.02.28-08.09.39:444][  0]LogUObjectGlobals: Warning: Failed to find object 'StaticMesh /Engine/BasicShapes/Cube.Cube'
[2020.02.28-08.09.41:593][  0]SourceControl: Source control is disabled
[2020.02.28-08.09.41:593][  0]Cmd: MAP LOAD FILE="../../../../../../Users/alejandro.munoz/Desktop/MoiraProject/MoiraProject/Content/FirstPersonBP/Maps/FirstPersonExampleMap.umap" TEMPLATE=0 SHOWPROGRESS=1 FEATURELEVEL=3
[2020.02.28-08.09.41:594][  0]LightingResults: New page: Lighting Build
[2020.02.28-08.09.41:598][  0]MapCheck: New page: Map Check
[2020.02.28-08.09.41:598][  0]LightingResults: New page: Lighting Build
[2020.02.28-08.09.41:637][  0]LogUObjectHash: Compacting FUObjectHashTables data took   2.15ms
[2020.02.28-08.09.41:847][  0]LogAIModule: Creating AISystem for world FirstPersonExampleMap
[2020.02.28-08.09.41:854][  0]LogEditorServer: Finished looking for orphan Actors (0.000 secs)
[2020.02.28-08.09.41:895][  0]LogUObjectHash: Compacting FUObjectHashTables data took   2.36ms
[2020.02.28-08.09.41:895][  0]Cmd: MAP CHECKDEP NOCLEARLOG
[2020.02.28-08.09.41:895][  0]MapCheck: Map check complete: 0 Error(s), 0 Warning(s), took 0,449ms to complete.
[2020.02.28-08.09.41:895][  0]LogFileHelpers: Loading map 'FirstPersonExampleMap' took 0.302
[2020.02.28-08.09.42:009][  0]LogSlate: Updating window title bar state: overlay mode, drag disabled, window buttons hidden, title bar hidden
[2020.02.28-08.09.42:017][  0]LogSlate: Updating window title bar state: overlay mode, drag disabled, window buttons hidden, title bar hidden
[2020.02.28-08.09.42:025][  0]LogSlate: Updating window title bar state: overlay mode, drag disabled, window buttons hidden, title bar hidden
[2020.02.28-08.09.42:033][  0]LogSlate: Updating window title bar state: overlay mode, drag disabled, window buttons hidden, title bar hidden
[2020.02.28-08.09.42:042][  0]LogCollectionManager: Loaded 0 collections in 0.002260 seconds
[2020.02.28-08.09.42:083][  0]LogFileCache: Scanning file cache for directory 'C:/Users/alejandro.munoz/Desktop/MoiraProject/MoiraProject/Saved/Collections/' took 0.01s
[2020.02.28-08.09.42:083][  0]LogFileCache: Scanning file cache for directory 'C:/Users/alejandro.munoz/Desktop/MoiraProject/MoiraProject/Content/Developers/alejandromunoz/Collections/' took 0.01s
[2020.02.28-08.09.42:083][  0]LogFileCache: Scanning file cache for directory 'C:/Users/alejandro.munoz/Desktop/MoiraProject/MoiraProject/Content/Collections/' took 0.01s
[2020.02.28-08.09.42:083][  0]LogCollectionManager: Rebuilt the GUID cache for 0 collections in 0.000000 seconds
[2020.02.28-08.09.42:094][  0]LogContentBrowser: Native class hierarchy populated in 0.0110 seconds. Added 2864 classes and 726 folders.
[2020.02.28-08.09.42:103][  0]LogContentBrowser: Native class hierarchy updated for 'WidgetCarousel' in 0.0004 seconds. Added 0 classes and 0 folders.
[2020.02.28-08.09.42:106][  0]LogPakFile: Registered encryption key '00000000000000000000000000000000': 0 pak files mounted, 0 remain pending
[2020.02.28-08.09.42:108][  0]LogPakFile: Registered encryption key '00000000000000000000000000000000': 0 pak files mounted, 0 remain pending
[2020.02.28-08.09.42:109][  0]LogPakFile: Registered encryption key '00000000000000000000000000000000': 0 pak files mounted, 0 remain pending
[2020.02.28-08.09.42:110][  0]LogPakFile: Registered encryption key '00000000000000000000000000000000': 0 pak files mounted, 0 remain pending
[2020.02.28-08.09.42:111][  0]LogPakFile: Registered encryption key '00000000000000000000000000000000': 0 pak files mounted, 0 remain pending
[2020.02.28-08.09.42:113][  0]LogPakFile: Registered encryption key '00000000000000000000000000000000': 0 pak files mounted, 0 remain pending
[2020.02.28-08.09.42:114][  0]LogPakFile: Registered encryption key '00000000000000000000000000000000': 0 pak files mounted, 0 remain pending
[2020.02.28-08.09.42:115][  0]LogPakFile: Registered encryption key '00000000000000000000000000000000': 0 pak files mounted, 0 remain pending
[2020.02.28-08.09.42:117][  0]LogPakFile: Registered encryption key '00000000000000000000000000000000': 0 pak files mounted, 0 remain pending
[2020.02.28-08.09.42:118][  0]LogPakFile: Registered encryption key '00000000000000000000000000000000': 0 pak files mounted, 0 remain pending
[2020.02.28-08.09.42:119][  0]LogPakFile: Registered encryption key '00000000000000000000000000000000': 0 pak files mounted, 0 remain pending
[2020.02.28-08.09.42:120][  0]LogPakFile: Registered encryption key '00000000000000000000000000000000': 0 pak files mounted, 0 remain pending
[2020.02.28-08.09.42:122][  0]LogPakFile: Registered encryption key '00000000000000000000000000000000': 0 pak files mounted, 0 remain pending
[2020.02.28-08.09.42:123][  0]LogPakFile: Registered encryption key '00000000000000000000000000000000': 0 pak files mounted, 0 remain pending
[2020.02.28-08.09.42:124][  0]LogPakFile: Registered encryption key '00000000000000000000000000000000': 0 pak files mounted, 0 remain pending
[2020.02.28-08.09.42:126][  0]LogPakFile: Registered encryption key '00000000000000000000000000000000': 0 pak files mounted, 0 remain pending
[2020.02.28-08.09.42:127][  0]LogPakFile: Registered encryption key '00000000000000000000000000000000': 0 pak files mounted, 0 remain pending
[2020.02.28-08.09.42:128][  0]LogPakFile: Registered encryption key '00000000000000000000000000000000': 0 pak files mounted, 0 remain pending
[2020.02.28-08.09.42:130][  0]LogPakFile: Registered encryption key '00000000000000000000000000000000': 0 pak files mounted, 0 remain pending
[2020.02.28-08.09.42:131][  0]LogPakFile: Registered encryption key '00000000000000000000000000000000': 0 pak files mounted, 0 remain pending
[2020.02.28-08.09.42:133][  0]LogPakFile: Registered encryption key '00000000000000000000000000000000': 0 pak files mounted, 0 remain pending
[2020.02.28-08.09.42:134][  0]LogPakFile: Registered encryption key '00000000000000000000000000000000': 0 pak files mounted, 0 remain pending
[2020.02.28-08.09.42:135][  0]LogPakFile: Registered encryption key '00000000000000000000000000000000': 0 pak files mounted, 0 remain pending
[2020.02.28-08.09.42:136][  0]LogPakFile: Registered encryption key '00000000000000000000000000000000': 0 pak files mounted, 0 remain pending
[2020.02.28-08.09.42:138][  0]LogPakFile: Registered encryption key '00000000000000000000000000000000': 0 pak files mounted, 0 remain pending
[2020.02.28-08.09.42:139][  0]LogPakFile: Registered encryption key '00000000000000000000000000000000': 0 pak files mounted, 0 remain pending
[2020.02.28-08.09.42:140][  0]LogPakFile: Registered encryption key '00000000000000000000000000000000': 0 pak files mounted, 0 remain pending
[2020.02.28-08.09.42:142][  0]LogPakFile: Registered encryption key '00000000000000000000000000000000': 0 pak files mounted, 0 remain pending
[2020.02.28-08.09.42:235][  0]LogContentBrowser: Native class hierarchy updated for 'AddContentDialog' in 0.0004 seconds. Added 0 classes and 0 folders.
[2020.02.28-08.09.42:239][  0]LogContentBrowser: Native class hierarchy updated for 'SceneOutliner' in 0.0004 seconds. Added 1 classes and 0 folders.
[2020.02.28-08.09.42:253][  0]LogSlate: Took 0.000419 seconds to synchronously load lazily loaded font '../../../Engine/Content/Slate/Fonts/Roboto-Regular.ttf' (155K)
[2020.02.28-08.09.42:255][  0]LogSlate: Took 0.000343 seconds to synchronously load lazily loaded font '../../../Engine/Content/Slate/Fonts/Roboto-Bold.ttf' (160K)
[2020.02.28-08.09.42:261][  0]LogSlate: Took 0.000349 seconds to synchronously load lazily loaded font '../../../Engine/Content/Editor/Slate/Fonts/FontAwesome.ttf' (139K)
[2020.02.28-08.09.42:339][  0]LogRenderer: Reallocating scene render targets to support 1208x572 Format 10 NumSamples 1 (Frame:1).
[2020.02.28-08.09.42:482][  0]LogContentBrowser: Native class hierarchy updated for 'HierarchicalLODOutliner' in 0.0005 seconds. Added 0 classes and 0 folders.
[2020.02.28-08.09.42:482][  0]LogLoad: (Engine Initialization) Total time: 17.92 seconds
[2020.02.28-08.09.42:482][  0]LogLoad: (Engine Initialization) Total Blueprint compile time: 0.00 seconds
[2020.02.28-08.09.42:494][  0]LogLinker: Warning: Error opening file '../../../Engine/Content/BasicShapes/Cube.uasset'.
[2020.02.28-08.09.42:494][  0]LogLinker: Warning: Error opening file '../../../Engine/Content/BasicShapes/Cube.uasset'.
[2020.02.28-08.09.42:514][  0]LogContentStreaming: Texture pool size now 1000 MB
[2020.02.28-08.09.42:599][  0]LogSlate: Took 0.000249 seconds to synchronously load lazily loaded font '../../../Engine/Content/Slate/Fonts/Roboto-Light.ttf' (167K)
[2020.02.28-08.09.43:510][ 96]LogSlate: Took 0.000378 seconds to synchronously load lazily loaded font '../../../Engine/Content/Slate/Fonts/Roboto-Light.ttf' (167K)
[2020.02.28-08.09.43:796][129]LogAssetRegistry: Asset discovery search completed in 12.7033 seconds
[2020.02.28-08.09.43:798][129]LogCollectionManager: Rebuilt the object cache for 0 collections in 0.000001 seconds (found 0 objects)
[2020.02.28-08.09.43:798][129]LogCollectionManager: Fixed up redirectors for 0 collections in 0.000059 seconds (updated 0 objects)
[2020.02.28-08.09.43:819][130]LogLinker: Warning: Error opening file '../../../Engine/Content/BasicShapes/Cube.uasset'.
[2020.02.28-08.10.04:707][633]LogSlate: FSceneViewport::OnFocusLost() reason 0
[2020.02.28-08.10.05:128][681]LogAssetEditorManager: Opening Asset editor for Blueprint /Game/FirstPersonBP/Blueprints/FirstPersonCharacter.FirstPersonCharacter
[2020.02.28-08.10.05:481][681]LogContentBrowser: Native class hierarchy updated for 'BlueprintGraph' in 0.0008 seconds. Added 121 classes and 0 folders.
[2020.02.28-08.10.06:594][681]LogSlate: Took 0.006863 seconds to synchronously load lazily loaded font '../../../Engine/Content/Slate/Fonts/Roboto-BoldCondensed.ttf' (158K)
[2020.02.28-08.18.23:019][ 10]LogSlate: Window 'Pick Parent Class' being destroyed
[2020.02.28-08.18.34:884][428]LogAssetEditorManager: Opening Asset editor for Blueprint /Game/Devs/Narukyn/BaseObject.BaseObject
[2020.02.28-08.18.35:301][428]LogRenderer: Reallocating scene render targets to support 1208x712 Format 10 NumSamples 1 (Frame:1).
[2020.02.28-08.19.35:054][551]LogSlate: Took 0.010740 seconds to synchronously load lazily loaded font '../../../Engine/Content/Slate/Fonts/Roboto-Italic.ttf' (157K)
[2020.02.28-08.19.42:323][411]LogUObjectHash: Compacting FUObjectHashTables data took   4.80ms
[2020.02.28-08.19.42:323][411]LogFileHelpers: Editor autosave (incl. sublevels) for '/Game/FirstPersonBP/Maps/FirstPersonExampleMap' took 0.049
[2020.02.28-08.19.42:325][411]OBJ SavePackage: Generating thumbnails for [0] asset(s) in package [/Game/Devs/Narukyn/BaseObject] ([1] browsable assets)...
[2020.02.28-08.19.42:325][411]OBJ SavePackage: Finished generating thumbnails for package [/Game/Devs/Narukyn/BaseObject]
[2020.02.28-08.19.42:348][411]LogSavePackage: Moving '../../../../../../Users/alejandro.munoz/Desktop/MoiraProject/MoiraProject/Saved/BaseObject_Auto177D210564BE191511EF6D48AC6D3A52B.tmp' to '../../../../../../Users/alejandro.munoz/Desktop/MoiraProject/MoiraProject/Saved/Autosaves/Game/Devs/Narukyn/BaseObject_Auto1.uasset'
[2020.02.28-08.19.42:353][411]LogFileHelpers: Auto-saving content packages took 0.029
[2020.02.28-08.23.32:378][880]LogSlate: Window 'BaseObject' being destroyed
[2020.02.28-08.23.36:355][356]LogEditorViewport: Clicking on Actor (LMB): StaticMeshActor (EditorCube8)
[2020.02.28-08.23.46:788][584]LogSlate: FSceneViewport::OnFocusLost() reason 0
[2020.02.28-08.29.42:252][169]LogUObjectHash: Compacting FUObjectHashTables data took   4.86ms
[2020.02.28-08.29.42:252][169]LogFileHelpers: Editor autosave (incl. sublevels) for '/Game/FirstPersonBP/Maps/FirstPersonExampleMap' took 0.050
[2020.02.28-08.29.42:253][169]OBJ SavePackage: Generating thumbnails for [0] asset(s) in package [/Game/Devs/Narukyn/BaseObject] ([1] browsable assets)...
[2020.02.28-08.29.42:253][169]OBJ SavePackage: Finished generating thumbnails for package [/Game/Devs/Narukyn/BaseObject]
[2020.02.28-08.29.42:275][169]LogSavePackage: Moving '../../../../../../Users/alejandro.munoz/Desktop/MoiraProject/MoiraProject/Saved/BaseObject_Auto2BDE970D34DF419D14BF1A1A96A41936A.tmp' to '../../../../../../Users/alejandro.munoz/Desktop/MoiraProject/MoiraProject/Saved/Autosaves/Game/Devs/Narukyn/BaseObject_Auto2.uasset'
[2020.02.28-08.29.42:277][169]LogFileHelpers: Auto-saving content packages took 0.024
[2020.02.28-08.37.32:306][470]LogAssetEditorManager: Opening Asset editor for Blueprint /Game/Devs/Narukyn/FirstEventTesting.FirstEventTesting
[2020.02.28-08.39.42:189][997]LogUObjectHash: Compacting FUObjectHashTables data took   2.34ms
[2020.02.28-08.39.42:189][997]LogFileHelpers: Editor autosave (incl. sublevels) for '/Game/FirstPersonBP/Maps/FirstPersonExampleMap' took 0.041
[2020.02.28-08.39.42:191][997]OBJ SavePackage: Generating thumbnails for [0] asset(s) in package [/Game/Devs/Narukyn/FirstEventTesting] ([1] browsable assets)...
[2020.02.28-08.39.42:191][997]OBJ SavePackage: Finished generating thumbnails for package [/Game/Devs/Narukyn/FirstEventTesting]
[2020.02.28-08.39.42:214][997]LogSavePackage: Moving '../../../../../../Users/alejandro.munoz/Desktop/MoiraProject/MoiraProject/Saved/FirstEventTesting_Auto3B7EB04BA40A8849C4DCBF299B2E54037.tmp' to '../../../../../../Users/alejandro.munoz/Desktop/MoiraProject/MoiraProject/Saved/Autosaves/Game/Devs/Narukyn/FirstEventTesting_Auto3.uasset'
[2020.02.28-08.39.42:216][997]LogFileHelpers: Auto-saving content packages took 0.026
[2020.02.28-09.18.36:485][ 95]LogSavePackage: Moving '../../../../../../Users/alejandro.munoz/Desktop/MoiraProject/MoiraProject/Saved/FirstEventTesting76460E5A42C448C4D4740B9AB83039E9.tmp' to '../../../../../../Users/alejandro.munoz/Desktop/MoiraProject/MoiraProject/Content/Devs/Narukyn/FirstEventTesting.uasset'
[2020.02.28-09.18.37:096][156]LogSavePackage: Moving '../../../../../../Users/alejandro.munoz/Desktop/MoiraProject/MoiraProject/Saved/FirstEventTestingFC19B98348FCD0E2F9F623ADB7DBB966.tmp' to '../../../../../../Users/alejandro.munoz/Desktop/MoiraProject/MoiraProject/Content/Devs/Narukyn/FirstEventTesting.uasset'
[2020.02.28-09.18.41:958][534]LogUObjectHash: Compacting FUObjectHashTables data took   2.04ms
[2020.02.28-09.18.43:401][534]LogSlate: Window 'Save Content' being destroyed
[2020.02.28-09.18.43:413][534]Cmd: OBJ SAVEPACKAGE PACKAGE="/Game/Devs/Narukyn/BaseObject" FILE="../../../../../../Users/alejandro.munoz/Desktop/MoiraProject/MoiraProject/Content/Devs/Narukyn/BaseObject.uasset" SILENT=true
[2020.02.28-09.18.43:433][534]LogSavePackage: Moving '../../../../../../Users/alejandro.munoz/Desktop/MoiraProject/MoiraProject/Saved/BaseObject4E346EA446B32567B5FC06A81BCED674.tmp' to '../../../../../../Users/alejandro.munoz/Desktop/MoiraProject/MoiraProject/Content/Devs/Narukyn/BaseObject.uasset'
[2020.02.28-09.18.43:710][534]LogActorComponent: UnregisterComponent: (/Engine/Transient.EditorFloorComp) Not registered. Aborting.
[2020.02.28-09.18.43:765][534]LogActorComponent: UnregisterComponent: (/Engine/Transient.EditorFloorComp) Not registered. Aborting.
[2020.02.28-09.18.43:818][534]LogSlate: Window 'MoiraProject - Unreal Editor' being destroyed
[2020.02.28-09.18.44:101][535]Cmd: QUIT_EDITOR
[2020.02.28-09.18.44:122][535]LogWindowsTextInputMethodSystem: Display: IME system now deactivated.
[2020.02.28-09.18.44:134][535]LogExit: Preparing to exit.
[2020.02.28-09.18.44:385][535]LogExit: Editor shut down
[2020.02.28-09.18.44:386][535]LogExit: Transaction tracking system shut down
[2020.02.28-09.18.44:689][535]LogExit: Object subsystem successfully closed.
[2020.02.28-09.18.44:710][535]LogShaderCompilers: Display: Shaders left to compile 0
[2020.02.28-09.18.44:714][535]LogD3D11RHI: Shutdown
[2020.02.28-09.18.44:714][535]LogD3D11RHI: CleanupD3DDevice
[2020.02.28-09.18.44:714][535]LogRendererCore: FGlobalReadBuffer::ReleaseRHI
[2020.02.28-09.18.44:714][535]LogRendererCore: FGlobalDynamicReadBuffer::Cleanup()
[2020.02.28-09.18.44:714][535]LogRendererCore: FGlobalReadBuffer::ReleaseRHI
[2020.02.28-09.18.44:714][535]LogRendererCore: FGlobalDynamicReadBuffer::Cleanup()
[2020.02.28-09.18.44:714][535]LogRendererCore: FGlobalReadBuffer::ReleaseRHI
[2020.02.28-09.18.44:714][535]LogRendererCore: FGlobalDynamicReadBuffer::Cleanup()
[2020.02.28-09.18.44:802][535]LogD3D11RHI: ~FD3D11DynamicRHI
[2020.02.28-09.18.44:914][535]LogModuleManager: Shutting down and abandoning module BlueprintGraph (686)
[2020.02.28-09.18.44:914][535]LogModuleManager: Shutting down and abandoning module HierarchicalLODOutliner (684)
[2020.02.28-09.18.44:914][535]LogModuleManager: Shutting down and abandoning module SceneOutliner (682)
[2020.02.28-09.18.44:914][535]LogModuleManager: Shutting down and abandoning module AddContentDialog (680)
[2020.02.28-09.18.44:914][535]LogModuleManager: Shutting down and abandoning module WidgetCarousel (679)
[2020.02.28-09.18.44:914][535]LogModuleManager: Shutting down and abandoning module EditorWidgets (676)
[2020.02.28-09.18.44:914][535]LogModuleManager: Shutting down and abandoning module CollectionManager (674)
[2020.02.28-09.18.44:915][535]LogModuleManager: Shutting down and abandoning module StatsViewer (672)
[2020.02.28-09.18.44:915][535]LogModuleManager: Shutting down and abandoning module FoliageEdit (670)
[2020.02.28-09.18.44:915][535]LogModuleManager: Shutting down and abandoning module LandscapeEditor (668)
[2020.02.28-09.18.44:915][535]LogModuleManager: Shutting down and abandoning module MeshPaintMode (666)
[2020.02.28-09.18.44:915][535]LogModuleManager: Shutting down and abandoning module SceneDepthPickerMode (664)
[2020.02.28-09.18.44:915][535]LogModuleManager: Shutting down and abandoning module ActorPickerMode (662)
[2020.02.28-09.18.44:915][535]LogModuleManager: Shutting down and abandoning module GeometryMode (660)
[2020.02.28-09.18.44:915][535]LogModuleManager: Shutting down and abandoning module TextureAlignMode (658)
[2020.02.28-09.18.44:915][535]LogModuleManager: Shutting down and abandoning module BspMode (656)
[2020.02.28-09.18.44:915][535]LogModuleManager: Shutting down and abandoning module PIEPreviewDeviceProfileSelector (654)
[2020.02.28-09.18.44:915][535]LogModuleManager: Shutting down and abandoning module SequenceRecorderSections (652)
[2020.02.28-09.18.44:915][535]LogModuleManager: Shutting down and abandoning module AutomationWorker (650)
[2020.02.28-09.18.44:915][535]LogModuleManager: Shutting down and abandoning module DatasmithFBXImporter (648)
[2020.02.28-09.18.44:915][535]LogModuleManager: Shutting down and abandoning module DatasmithDeltaGenImporter (646)
[2020.02.28-09.18.44:915][535]LogModuleManager: Shutting down and abandoning module DatasmithVREDImporter (644)
[2020.02.28-09.18.44:915][535]LogModuleManager: Shutting down and abandoning module OculusMR (642)
[2020.02.28-09.18.44:915][535]LogModuleManager: Shutting down and abandoning module AudioCaptureEditor (640)
[2020.02.28-09.18.44:915][535]LogModuleManager: Shutting down and abandoning module MatineeToLevelSequence (638)
[2020.02.28-09.18.44:915][535]LogModuleManager: Shutting down and abandoning module LevelSequenceEditor (636)
[2020.02.28-09.18.44:915][535]LogModuleManager: Shutting down and abandoning module PlacementMode (635)
[2020.02.28-09.18.44:915][535]LogModuleManager: Shutting down and abandoning module MaterialEditor (634)
[2020.02.28-09.18.44:915][535]LogModuleManager: Shutting down and abandoning module ActorSequenceEditor (630)
[2020.02.28-09.18.44:915][535]LogModuleManager: Shutting down and abandoning module WmfMediaFactory (628)
[2020.02.28-09.18.44:915][535]LogModuleManager: Shutting down and abandoning module WmfMediaEditor (626)
[2020.02.28-09.18.44:915][535]LogModuleManager: Shutting down and abandoning module WebMMediaFactory (624)
[2020.02.28-09.18.44:915][535]LogModuleManager: Shutting down and abandoning module WebMMediaEditor (622)
[2020.02.28-09.18.44:915][535]LogModuleManager: Shutting down and abandoning module WebMMedia (620)
[2020.02.28-09.18.44:915][535]LogModuleManager: Shutting down and abandoning module MediaPlayerEditor (618)
[2020.02.28-09.18.44:915][535]LogModuleManager: Shutting down and abandoning module MediaCompositingEditor (616)
[2020.02.28-09.18.44:915][535]LogModuleManager: Shutting down and abandoning module SequenceRecorder (615)
[2020.02.28-09.18.44:915][535]LogModuleManager: Shutting down and abandoning module OpenExrWrapper (612)
[2020.02.28-09.18.44:915][535]LogModuleManager: Shutting down and abandoning module ImgMediaFactory (610)
[2020.02.28-09.18.44:915][535]LogModuleManager: Shutting down and abandoning module ImgMediaEditor (608)
[2020.02.28-09.18.44:916][535]LogModuleManager: Shutting down and abandoning module AvfMediaFactory (606)
[2020.02.28-09.18.44:916][535]LogModuleManager: Shutting down and abandoning module AvfMediaEditor (604)
[2020.02.28-09.18.44:916][535]LogModuleManager: Shutting down and abandoning module AndroidMediaFactory (602)
[2020.02.28-09.18.44:916][535]LogModuleManager: Shutting down and abandoning module AndroidMediaEditor (600)
[2020.02.28-09.18.44:916][535]LogModuleManager: Shutting down and abandoning module MagicLeapCameraPreviewFactory (598)
[2020.02.28-09.18.44:916][535]LogModuleManager: Shutting down and abandoning module MagicLeapMediaCodecFactory (596)
[2020.02.28-09.18.44:916][535]LogModuleManager: Shutting down and abandoning module MagicLeapMediaFactory (594)
[2020.02.28-09.18.44:916][535]LogModuleManager: Shutting down and abandoning module MagicLeapMediaEditor (592)
[2020.02.28-09.18.44:916][535]LogModuleManager: Shutting down and abandoning module CharacterAI (590)
[2020.02.28-09.18.44:916][535]LogModuleManager: Shutting down and abandoning module SmartSnapping (588)
[2020.02.28-09.18.44:916][535]LogModuleManager: Shutting down and abandoning module SessionServices (586)
[2020.02.28-09.18.44:916][535]LogModuleManager: Shutting down and abandoning module MeshPaint (584)
[2020.02.28-09.18.44:916][535]LogModuleManager: Shutting down and abandoning module ViewportSnapping (582)
[2020.02.28-09.18.44:916][535]LogModuleManager: Shutting down and abandoning module ViewportInteraction (580)
[2020.02.28-09.18.44:916][535]LogModuleManager: Shutting down and abandoning module ClothPainter (578)
[2020.02.28-09.18.44:916][535]LogModuleManager: Shutting down and abandoning module SkeletalMeshEditor (577)
[2020.02.28-09.18.44:916][535]LogModuleManager: Shutting down and abandoning module LogVisualizer (574)
[2020.02.28-09.18.44:916][535]LogModuleManager: Shutting down and abandoning module IntroTutorials (572)
[2020.02.28-09.18.44:916][535]LogModuleManager: Shutting down and abandoning module GameProjectGeneration (571)
[2020.02.28-09.18.44:916][535]LogModuleManager: Shutting down and abandoning module LuminPlatformEditor (568)
[2020.02.28-09.18.44:916][535]LogModuleManager: Shutting down and abandoning module IOSPlatformEditor (566)
[2020.02.28-09.18.44:916][535]LogModuleManager: Shutting down and abandoning module HTML5PlatformEditor (564)
[2020.02.28-09.18.44:916][535]LogModuleManager: Shutting down and abandoning module AndroidPlatformEditor (562)
[2020.02.28-09.18.44:916][535]LogModuleManager: Shutting down and abandoning module AndroidDeviceDetection (561)
[2020.02.28-09.18.45:400][535]LogModuleManager: Shutting down and abandoning module WindowsPlatformEditor (558)
[2020.02.28-09.18.45:400][535]LogModuleManager: Shutting down and abandoning module LuminRuntimeSettings (556)
[2020.02.28-09.18.45:400][535]LogModuleManager: Shutting down and abandoning module IOSRuntimeSettings (554)
[2020.02.28-09.18.45:400][535]LogModuleManager: Shutting down and abandoning module AndroidRuntimeSettings (552)
[2020.02.28-09.18.45:401][535]LogModuleManager: Shutting down and abandoning module TimeManagementEditor (550)
[2020.02.28-09.18.45:401][535]LogModuleManager: Shutting down and abandoning module InputBindingEditor (548)
[2020.02.28-09.18.45:401][535]LogModuleManager: Shutting down and abandoning module MergeActors (546)
[2020.02.28-09.18.45:401][535]LogModuleManager: Shutting down and abandoning module LocalizationDashboard (544)
[2020.02.28-09.18.45:401][535]LogModuleManager: Shutting down and abandoning module LocalizationService (543)
[2020.02.28-09.18.45:401][535]LogModuleManager: Shutting down and abandoning module HardwareTargeting (540)
[2020.02.28-09.18.45:401][535]LogModuleManager: Shutting down and abandoning module DeviceProfileEditor (538)
[2020.02.28-09.18.45:401][535]LogModuleManager: Shutting down and abandoning module UndoHistory (536)
[2020.02.28-09.18.45:401][535]LogModuleManager: Shutting down and abandoning module XmlParser (534)
[2020.02.28-09.18.45:401][535]LogModuleManager: Shutting down and abandoning module Blutility (532)
[2020.02.28-09.18.45:401][535]LogModuleManager: Shutting down and abandoning module ProjectSettingsViewer (530)
[2020.02.28-09.18.45:401][535]LogModuleManager: Shutting down and abandoning module ProjectTargetPlatformEditor (529)
[2020.02.28-09.18.45:401][535]LogModuleManager: Shutting down and abandoning module EditorSettingsViewer (526)
[2020.02.28-09.18.45:401][535]LogModuleManager: Shutting down and abandoning module SettingsEditor (524)
[2020.02.28-09.18.45:401][535]LogModuleManager: Shutting down and abandoning module ProjectLauncher (522)
[2020.02.28-09.18.45:401][535]LogModuleManager: Shutting down and abandoning module SessionFrontend (520)
[2020.02.28-09.18.45:401][535]LogModuleManager: Shutting down and abandoning module ProfilerClient (518)
[2020.02.28-09.18.45:401][535]LogModuleManager: Shutting down and abandoning module DeviceManager (516)
[2020.02.28-09.18.45:401][535]LogModuleManager: Shutting down and abandoning module TargetDeviceServices (515)
[2020.02.28-09.18.45:456][535]LogModuleManager: Shutting down and abandoning module AutomationController (512)
[2020.02.28-09.18.45:456][535]LogModuleManager: Shutting down and abandoning module AutomationWindow (510)
[2020.02.28-09.18.45:456][535]LogModuleManager: Shutting down and abandoning module Layers (508)
[2020.02.28-09.18.45:456][535]LogModuleManager: Shutting down and abandoning module ComponentVisualizers (506)
[2020.02.28-09.18.45:456][535]LogModuleManager: Shutting down and abandoning module DetailCustomizations (504)
[2020.02.28-09.18.45:456][535]LogModuleManager: Shutting down and abandoning module PackagesDialog (502)
[2020.02.28-09.18.45:456][535]LogModuleManager: Shutting down and abandoning module AnimationBlueprintEditor (500)
[2020.02.28-09.18.45:456][535]LogModuleManager: Shutting down and abandoning module Persona (498)
[2020.02.28-09.18.45:456][535]LogModuleManager: Shutting down and abandoning module AnimGraph (497)
[2020.02.28-09.18.45:456][535]LogModuleManager: Shutting down and abandoning module Kismet (494)
[2020.02.28-09.18.45:461][535]LogModuleManager: Shutting down and abandoning module GraphEditor (492)
[2020.02.28-09.18.45:461][535]LogModuleManager: Shutting down and abandoning module ClassViewer (490)
[2020.02.28-09.18.45:462][535]LogModuleManager: Shutting down and abandoning module Toolbox (488)
[2020.02.28-09.18.45:462][535]LogModuleManager: Shutting down and abandoning module ModuleUI (486)
[2020.02.28-09.18.45:462][535]LogModuleManager: Shutting down and abandoning module MovieSceneTools (484)
[2020.02.28-09.18.45:462][535]LogModuleManager: Shutting down and abandoning module OutputLog (482)
[2020.02.28-09.18.45:462][535]LogModuleManager: Shutting down and abandoning module GammaUI (480)
[2020.02.28-09.18.45:462][535]LogModuleManager: Shutting down and abandoning module Documentation (478)
[2020.02.28-09.18.45:462][535]LogModuleManager: Shutting down and abandoning module LiveCoding (476)
[2020.02.28-09.18.45:462][535]LogModuleManager: Shutting down and abandoning module LevelSequence (474)
[2020.02.28-09.18.45:462][535]LogModuleManager: Shutting down and abandoning module MovieSceneTracks (472)
[2020.02.28-09.18.45:462][535]LogModuleManager: Shutting down and abandoning module MovieScene (470)
[2020.02.28-09.18.45:462][535]LogModuleManager: Shutting down and abandoning module StreamingPauseRendering (468)
[2020.02.28-09.18.45:462][535]LogModuleManager: Shutting down and abandoning module LauncherPlatform (466)
[2020.02.28-09.18.45:462][535]LogModuleManager: Shutting down and abandoning module AnalyticsET (464)
[2020.02.28-09.18.45:462][535]LogModuleManager: Shutting down and abandoning module PortalServices (462)
[2020.02.28-09.18.45:462][535]LogModuleManager: Shutting down and abandoning module PortalRpc (460)
[2020.02.28-09.18.45:462][535]LogModuleManager: Shutting down and abandoning module MessagingRpc (458)
[2020.02.28-09.18.45:462][535]LogModuleManager: Shutting down and abandoning module AIModule (456)
[2020.02.28-09.18.45:462][535]LogModuleManager: Shutting down and abandoning module GameplayDebugger (455)
[2020.02.28-09.18.45:462][535]LogModuleManager: Shutting down and abandoning module AITestSuite (453)
[2020.02.28-09.18.45:462][535]LogModuleManager: Shutting down and abandoning module NavigationSystem (451)
[2020.02.28-09.18.45:462][535]LogModuleManager: Shutting down and abandoning module DesktopPlatform (448)
[2020.02.28-09.18.45:463][535]LogModuleManager: Shutting down and abandoning module ImageWriteQueue (446)
[2020.02.28-09.18.45:467][535]LogModuleManager: Shutting down and abandoning module ProfilerService (444)
[2020.02.28-09.18.45:562][535]LogModuleManager: Shutting down and abandoning module TaskGraph (442)
[2020.02.28-09.18.45:563][535]LogModuleManager: Shutting down and abandoning module DatasmithCADImporter (440)
[2020.02.28-09.18.45:565][535]LogModuleManager: Shutting down and abandoning module VariantManager (438)
[2020.02.28-09.18.45:565][535]LogModuleManager: Shutting down and abandoning module StaticMeshEditorExtension (436)
[2020.02.28-09.18.45:565][535]LogModuleManager: Shutting down and abandoning module StaticMeshEditor (435)
[2020.02.28-09.18.45:565][535]LogModuleManager: Shutting down and abandoning module AdvancedPreviewScene (434)
[2020.02.28-09.18.45:565][535]LogModuleManager: Shutting down and abandoning module MeshProcessingLibrary (431)
[2020.02.28-09.18.45:565][535]LogModuleManager: Shutting down and abandoning module MDLImporter (428)
[2020.02.28-09.18.45:565][535]LogModuleManager: Shutting down and abandoning module DatasmithGLTFImporter (426)
[2020.02.28-09.18.45:565][535]LogModuleManager: Shutting down and abandoning module DatasmithImporter (425)
[2020.02.28-09.18.45:566][535]LogModuleManager: Shutting down and abandoning module DatasmithDataPrepLibraries (422)
[2020.02.28-09.18.45:566][535]LogModuleManager: Shutting down and abandoning module DatasmithDataPrepEditor (420)
[2020.02.28-09.18.45:566][535]LogModuleManager: Shutting down and abandoning module SteamVRController (418)
[2020.02.28-09.18.45:566][535]LogModuleManager: Shutting down and abandoning module ProceduralMeshComponentEditor (416)
[2020.02.28-09.18.45:566][535]LogModuleManager: Shutting down and abandoning module ProceduralMeshComponent (414)
[2020.02.28-09.18.45:566][535]LogModuleManager: Shutting down and abandoning module OculusEditor (412)
[2020.02.28-09.18.45:566][535]LogModuleManager: Shutting down and abandoning module OculusInput (410)
[2020.02.28-09.18.45:566][535]LogModuleManager: Shutting down and abandoning module MobilePatchingUtils (408)
[2020.02.28-09.18.45:566][535]LogModuleManager: Shutting down and abandoning module EditableMesh (406)
[2020.02.28-09.18.45:566][535]LogModuleManager: Shutting down and abandoning module CustomMeshComponent (404)
[2020.02.28-09.18.45:566][535]LogModuleManager: Shutting down and abandoning module CableComponent (402)
[2020.02.28-09.18.45:566][535]LogModuleManager: Shutting down and abandoning module AudioCapture (400)
[2020.02.28-09.18.45:566][535]LogModuleManager: Shutting down and abandoning module ArchVisCharacter (398)
[2020.02.28-09.18.45:566][535]LogModuleManager: Shutting down and abandoning module AndroidPermission (396)
[2020.02.28-09.18.45:566][535]LogModuleManager: Shutting down and abandoning module NUTUnrealEngine4 (394)
[2020.02.28-09.18.45:566][535]LogModuleManager: Shutting down and abandoning module NetcodeUnitTest (392)
[2020.02.28-09.18.45:566][535]LogModuleManager: Shutting down and abandoning module MediaCompositing (390)
[2020.02.28-09.18.45:566][535]LogModuleManager: Shutting down and abandoning module LinearTimecode (388)
[2020.02.28-09.18.45:566][535]LogModuleManager: Shutting down and abandoning module ImgMedia (386)
[2020.02.28-09.18.45:566][535]LogModuleManager: Shutting down and abandoning module MagicLeapHelperVulkan (384)
[2020.02.28-09.18.45:566][535]LogModuleManager: Shutting down and abandoning module MagicLeapHelperOpenGL (382)
[2020.02.28-09.18.45:566][535]LogModuleManager: Shutting down and abandoning module MagicLeapAudio (380)
[2020.02.28-09.18.45:566][535]LogModuleManager: Shutting down and abandoning module HTML5Networking (378)
[2020.02.28-09.18.45:566][535]LogModuleManager: Shutting down and abandoning module GeometryCollectionEditor (376)
[2020.02.28-09.18.45:566][535]LogModuleManager: Shutting down and abandoning module GeometryCollectionExampleCore (374)
[2020.02.28-09.18.45:566][535]LogModuleManager: Shutting down and abandoning module GeometryCacheTracks (372)
[2020.02.28-09.18.45:566][535]LogModuleManager: Shutting down and abandoning module GeometryCacheSequencer (370)
[2020.02.28-09.18.45:566][535]LogModuleManager: Shutting down and abandoning module ChaosSolverEditor (368)
[2020.02.28-09.18.45:566][535]LogModuleManager: Shutting down and abandoning module BlastAuthoring (366)
[2020.02.28-09.18.45:566][535]LogModuleManager: Shutting down and abandoning module BackChannel (364)
[2020.02.28-09.18.45:566][535]LogModuleManager: Shutting down and abandoning module AppleVision (362)
[2020.02.28-09.18.45:566][535]LogModuleManager: Shutting down and abandoning module AppleImageUtilsBlueprintSupport (360)
[2020.02.28-09.18.45:566][535]LogModuleManager: Shutting down and abandoning module AppleImageUtils (358)
[2020.02.28-09.18.45:566][535]LogModuleManager: Shutting down and abandoning module AlembicImporter (356)
[2020.02.28-09.18.45:566][535]LogModuleManager: Shutting down and abandoning module AlembicLibrary (355)
[2020.02.28-09.18.45:566][535]LogModuleManager: Shutting down and abandoning module GeometryCache (354)
[2020.02.28-09.18.45:566][535]LogModuleManager: Shutting down and abandoning module GeometryCacheEd (353)
[2020.02.28-09.18.45:566][535]LogModuleManager: Shutting down and abandoning module VariantManagerContent (348)
[2020.02.28-09.18.45:566][535]LogModuleManager: Shutting down and abandoning module DatasmithContentEditor (346)
[2020.02.28-09.18.45:566][535]LogModuleManager: Shutting down and abandoning module SpeedTreeImporter (344)
[2020.02.28-09.18.45:566][535]LogModuleManager: Shutting down and abandoning module PluginBrowser (342)
[2020.02.28-09.18.45:566][535]LogModuleManager: Shutting down and abandoning module MobileLauncherProfileWizard (340)
[2020.02.28-09.18.45:566][535]LogModuleManager: Shutting down and abandoning module PolygonModeling (338)
[2020.02.28-09.18.45:567][535]LogModuleManager: Shutting down and abandoning module MeshEditor (336)
[2020.02.28-09.18.45:567][535]LogModuleManager: Shutting down and abandoning module MaterialAnalyzer (334)
[2020.02.28-09.18.45:567][535]LogModuleManager: Shutting down and abandoning module GLTFImporter (332)
[2020.02.28-09.18.45:567][535]LogModuleManager: Shutting down and abandoning module EditorScriptingUtilities (330)
[2020.02.28-09.18.45:567][535]LogModuleManager: Shutting down and abandoning module CryptoKeysOpenSSL (328)
[2020.02.28-09.18.45:567][535]LogModuleManager: Shutting down and abandoning module CryptoKeys (326)
[2020.02.28-09.18.45:567][535]LogModuleManager: Shutting down and abandoning module VisualStudioSourceCodeAccess (324)
[2020.02.28-09.18.45:567][535]LogModuleManager: Shutting down and abandoning module VisualStudioCodeSourceCodeAccess (322)
[2020.02.28-09.18.45:567][535]LogModuleManager: Shutting down and abandoning module UObjectPlugin (320)
[2020.02.28-09.18.45:567][535]LogModuleManager: Shutting down and abandoning module SubversionSourceControl (318)
[2020.02.28-09.18.45:567][535]LogModuleManager: Shutting down and abandoning module PerforceSourceControl (316)
[2020.02.28-09.18.45:567][535]LogModuleManager: Shutting down and abandoning module GitSourceControl (314)
[2020.02.28-09.18.45:567][535]LogModuleManager: Shutting down and abandoning module SourceControl (313)
[2020.02.28-09.18.45:567][535]LogModuleManager: Shutting down and abandoning module CLionSourceCodeAccess (310)
[2020.02.28-09.18.45:567][535]LogModuleManager: Shutting down and abandoning module AnimationSharingEd (308)
[2020.02.28-09.18.45:567][535]LogModuleManager: Shutting down and abandoning module ActorLayerUtilitiesEditor (306)
[2020.02.28-09.18.45:567][535]LogModuleManager: Shutting down and abandoning module ActorLayerUtilities (304)
[2020.02.28-09.18.45:567][535]LogModuleManager: Shutting down and abandoning module LightPropagationVolumeEditor (302)
[2020.02.28-09.18.45:567][535]LogModuleManager: Shutting down and abandoning module PaperTiledImporter (300)
[2020.02.28-09.18.45:567][535]LogModuleManager: Shutting down and abandoning module PaperSpriteSheetImporter (298)
[2020.02.28-09.18.45:567][535]LogModuleManager: Shutting down and abandoning module Paper2DEditor (296)
[2020.02.28-09.18.45:567][535]LogModuleManager: Shutting down and abandoning module SignificanceManager (294)
[2020.02.28-09.18.45:567][535]LogModuleManager: Shutting down and abandoning module RuntimePhysXCooking (292)
[2020.02.28-09.18.45:567][535]LogModuleManager: Shutting down and abandoning module PhysXVehiclesEditor (290)
[2020.02.28-09.18.45:567][535]LogModuleManager: Shutting down and abandoning module PhysXVehicles (288)
[2020.02.28-09.18.45:567][535]LogModuleManager: Shutting down and abandoning module LocationServicesBPLibrary (286)
[2020.02.28-09.18.45:567][535]LogModuleManager: Shutting down and abandoning module ActorSequence (284)
[2020.02.28-09.18.45:567][535]LogModuleManager: Shutting down and abandoning module UdpMessaging (282)
[2020.02.28-09.18.45:668][535]LogModuleManager: Shutting down and abandoning module TcpMessaging (280)
[2020.02.28-09.18.45:769][535]LogModuleManager: Shutting down and abandoning module MagicLeapIdentity (278)
[2020.02.28-09.18.45:769][535]LogModuleManager: Shutting down and abandoning module MagicLeapSecureStorage (276)
[2020.02.28-09.18.45:769][535]LogModuleManager: Shutting down and abandoning module MagicLeapHandTracking (274)
[2020.02.28-09.18.45:769][535]LogModuleManager: Shutting down and abandoning module MagicLeapEyeTracker (272)
[2020.02.28-09.18.45:769][535]LogModuleManager: Shutting down and abandoning module MagicLeapController (270)
[2020.02.28-09.18.45:769][535]LogSlate: Slate User Destroyed.  User Index 0, Is Virtual User: 0
[2020.02.28-09.18.45:769][535]LogModuleManager: Shutting down and abandoning module MagicLeapAR (268)
[2020.02.28-09.18.45:769][535]LogModuleManager: Shutting down and abandoning module AugmentedReality (267)
[2020.02.28-09.18.45:769][535]LogModuleManager: Shutting down and abandoning module GameplayTagsEditor (264)
[2020.02.28-09.18.45:769][535]LogModuleManager: Shutting down and abandoning module FacialAnimationEditor (262)
[2020.02.28-09.18.45:769][535]LogModuleManager: Shutting down and abandoning module FacialAnimation (260)
[2020.02.28-09.18.45:769][535]LogModuleManager: Shutting down and abandoning module DataValidation (258)
[2020.02.28-09.18.45:769][535]LogModuleManager: Shutting down and abandoning module AssetManagerEditor (256)
[2020.02.28-09.18.45:769][535]LogModuleManager: Shutting down and abandoning module LevelEditor (255)
[2020.02.28-09.18.45:770][535]LogModuleManager: Shutting down and abandoning module PixelInspectorModule (254)
[2020.02.28-09.18.45:770][535]LogModuleManager: Shutting down and abandoning module CommonMenuExtensions (252)
[2020.02.28-09.18.45:770][535]LogModuleManager: Shutting down and abandoning module MainFrame (250)
[2020.02.28-09.18.45:770][535]LogModuleManager: Shutting down and abandoning module HotReload (249)
[2020.02.28-09.18.45:771][535]LogModuleManager: Shutting down and abandoning module ContentBrowser (245)
[2020.02.28-09.18.45:772][535]LogModuleManager: Shutting down and abandoning module TreeMap (243)
[2020.02.28-09.18.45:772][535]LogModuleManager: Shutting down and abandoning module AnimationSharing (240)
[2020.02.28-09.18.45:772][535]LogModuleManager: Shutting down and abandoning module LightPropagationVolumeRuntime (238)
[2020.02.28-09.18.45:772][535]LogModuleManager: Shutting down and abandoning module AISupportModule (236)
[2020.02.28-09.18.45:772][535]LogModuleManager: Shutting down and abandoning module Paper2D (234)
[2020.02.28-09.18.45:772][535]LogModuleManager: Shutting down and abandoning module WindowsMoviePlayer (232)
[2020.02.28-09.18.45:772][535]LogModuleManager: Shutting down and abandoning module WebMMoviePlayer (230)
[2020.02.28-09.18.45:772][535]LogModuleManager: Shutting down and abandoning module PacketHandler (228)
[2020.02.28-09.18.45:772][535]LogModuleManager: Shutting down and abandoning module ClothingSystemEditor (226)
[2020.02.28-09.18.45:772][535]LogModuleManager: Shutting down and abandoning module ClothingSystemRuntime (224)
[2020.02.28-09.18.45:772][535]LogModuleManager: Shutting down and abandoning module MediaAssets (222)
[2020.02.28-09.18.45:772][535]LogModuleManager: Shutting down and abandoning module Overlay (220)
[2020.02.28-09.18.45:772][535]LogModuleManager: Shutting down and abandoning module OverlayEditor (219)
[2020.02.28-09.18.45:772][535]LogModuleManager: Shutting down and abandoning module VREditor (216)
[2020.02.28-09.18.45:772][535]LogModuleManager: Shutting down and abandoning module StringTableEditor (214)
[2020.02.28-09.18.45:772][535]LogModuleManager: Shutting down and abandoning module GameplayTasksEditor (212)
[2020.02.28-09.18.45:772][535]LogModuleManager: Shutting down and abandoning module BehaviorTreeEditor (210)
[2020.02.28-09.18.45:772][535]LogModuleManager: Shutting down and abandoning module FunctionalTesting (208)
[2020.02.28-09.18.45:772][535]LogModuleManager: Shutting down and abandoning module CollisionAnalyzer (206)
[2020.02.28-09.18.45:772][535]LogModuleManager: Shutting down and abandoning module WorkspaceMenuStructure (205)
[2020.02.28-09.18.45:772][535]LogModuleManager: Shutting down and abandoning module UMG (202)
[2020.02.28-09.18.45:772][535]LogModuleManager: Shutting down and abandoning module UMGEditor (201)
[2020.02.28-09.18.45:772][535]LogModuleManager: Shutting down and abandoning module Sequencer (200)
[2020.02.28-09.18.45:772][535]LogModuleManager: Shutting down and abandoning module MessageLog (197)
[2020.02.28-09.18.45:772][535]LogModuleManager: Shutting down and abandoning module SlateReflector (192)
[2020.02.28-09.18.45:772][535]LogModuleManager: Shutting down and abandoning module Slate (190)
[2020.02.28-09.18.45:772][535]LogModuleManager: Shutting down and abandoning module EditorStyle (188)
[2020.02.28-09.18.45:774][535]LogModuleManager: Shutting down and abandoning module UnrealEd (186)
[2020.02.28-09.18.45:774][535]LogModuleManager: Shutting down and abandoning module MRMesh (184)
[2020.02.28-09.18.45:774][535]LogModuleManager: Shutting down and abandoning module SourceCodeAccess (182)
[2020.02.28-09.18.45:774][535]LogModuleManager: Shutting down and abandoning module HeadMountedDisplay (180)
[2020.02.28-09.18.45:774][535]LogModuleManager: Shutting down and abandoning module XAudio2 (178)
[2020.02.28-09.18.45:774][535]LogModuleManager: Shutting down and abandoning module Networking (176)
[2020.02.28-09.18.45:774][535]LogModuleManager: Shutting down and abandoning module Core (174)
[2020.02.28-09.18.45:774][535]LogModuleManager: Shutting down and abandoning module KismetCompiler (172)
[2020.02.28-09.18.45:774][535]LogModuleManager: Shutting down and abandoning module MeshUtilities (170)
[2020.02.28-09.18.45:775][535]LogModuleManager: Shutting down and abandoning module MeshMergeUtilities (169)
[2020.02.28-09.18.45:775][535]LogModuleManager: Shutting down and abandoning module MeshReductionInterface (168)
[2020.02.28-09.18.45:775][535]LogModuleManager: Shutting down and abandoning module SkeletalMeshReduction (167)
[2020.02.28-09.18.45:775][535]LogModuleManager: Shutting down and abandoning module ProxyLODMeshReduction (165)
[2020.02.28-09.18.45:775][535]LogModuleManager: Shutting down and abandoning module QuadricMeshReduction (163)
[2020.02.28-09.18.45:775][535]LogModuleManager: Shutting down and abandoning module MaterialBaking (159)
[2020.02.28-09.18.45:775][535]LogModuleManager: Shutting down and abandoning module DerivedDataCache (154)
[2020.02.28-09.18.45:844][535]LogDerivedDataCache: Shutdown
[2020.02.28-09.18.45:845][535]LogModuleManager: Shutting down and abandoning module XGEController (152)
[2020.02.28-09.18.45:845][535]LogModuleManager: Shutting down and abandoning module TargetPlatform (150)
[2020.02.28-09.18.45:845][535]LogModuleManager: Shutting down and abandoning module VulkanShaderFormat (149)
[2020.02.28-09.18.45:845][535]LogModuleManager: Shutting down and abandoning module ShaderFormatVectorVM (147)
[2020.02.28-09.18.45:845][535]LogModuleManager: Shutting down and abandoning module ShaderFormatOpenGL (145)
[2020.02.28-09.18.45:845][535]LogModuleManager: Shutting down and abandoning module ShaderFormatD3D (143)
[2020.02.28-09.18.45:845][535]LogModuleManager: Shutting down and abandoning module MetalShaderFormat (141)
[2020.02.28-09.18.45:845][535]LogModuleManager: Shutting down and abandoning module TextureFormatUncompressed (139)
[2020.02.28-09.18.45:845][535]LogModuleManager: Shutting down and abandoning module TextureFormatPVR (137)
[2020.02.28-09.18.45:845][535]LogModuleManager: Shutting down and abandoning module TextureFormatDXT (135)
[2020.02.28-09.18.45:845][535]LogModuleManager: Shutting down and abandoning module TextureFormatIntelISPCTexComp (133)
[2020.02.28-09.18.45:845][535]LogModuleManager: Shutting down and abandoning module TextureFormatASTC (131)
[2020.02.28-09.18.45:845][535]LogModuleManager: Shutting down and abandoning module ImageWrapper (130)
[2020.02.28-09.18.45:845][535]LogModuleManager: Shutting down and abandoning module TextureFormatAndroid (127)
[2020.02.28-09.18.45:845][535]LogModuleManager: Shutting down and abandoning module AudioFormatOpus (125)
[2020.02.28-09.18.45:845][535]LogModuleManager: Shutting down and abandoning module AudioFormatOgg (123)
[2020.02.28-09.18.45:845][535]LogModuleManager: Shutting down and abandoning module AudioFormatADPCM (121)
[2020.02.28-09.18.45:845][535]LogModuleManager: Shutting down and abandoning module LuminTargetPlatform (119)
[2020.02.28-09.18.45:846][535]LogModuleManager: Shutting down and abandoning module LinuxTargetPlatform (117)
[2020.02.28-09.18.45:846][535]LogModuleManager: Shutting down and abandoning module LinuxServerTargetPlatform (115)
[2020.02.28-09.18.45:846][535]LogModuleManager: Shutting down and abandoning module LinuxNoEditorTargetPlatform (113)
[2020.02.28-09.18.45:846][535]LogModuleManager: Shutting down and abandoning module LinuxClientTargetPlatform (111)
[2020.02.28-09.18.45:846][535]LogModuleManager: Shutting down and abandoning module TVOSTargetPlatform (109)
[2020.02.28-09.18.45:846][535]LogModuleManager: Shutting down and abandoning module Messaging (107)
[2020.02.28-09.18.45:846][535]LogModuleManager: Shutting down and abandoning module IOSTargetPlatform (105)
[2020.02.28-09.18.45:847][535]LogModuleManager: Shutting down and abandoning module HTML5TargetPlatform (103)
[2020.02.28-09.18.45:847][535]LogModuleManager: Shutting down and abandoning module AndroidTargetPlatform (101)
[2020.02.28-09.18.45:851][535]LogModuleManager: Shutting down and abandoning module WindowsTargetPlatform (99)
[2020.02.28-09.18.45:851][535]LogModuleManager: Shutting down and abandoning module WindowsServerTargetPlatform (97)
[2020.02.28-09.18.45:851][535]LogModuleManager: Shutting down and abandoning module WindowsNoEditorTargetPlatform (95)
[2020.02.28-09.18.45:852][535]LogModuleManager: Shutting down and abandoning module WindowsClientTargetPlatform (93)
[2020.02.28-09.18.45:852][535]LogModuleManager: Shutting down and abandoning module MacTargetPlatform (91)
[2020.02.28-09.18.45:852][535]LogModuleManager: Shutting down and abandoning module MacServerTargetPlatform (89)
[2020.02.28-09.18.45:852][535]LogModuleManager: Shutting down and abandoning module MacNoEditorTargetPlatform (87)
[2020.02.28-09.18.45:852][535]LogModuleManager: Shutting down and abandoning module MacClientTargetPlatform (85)
[2020.02.28-09.18.45:852][535]LogModuleManager: Shutting down and abandoning module AllDesktopTargetPlatform (83)
[2020.02.28-09.18.45:852][535]LogModuleManager: Shutting down and abandoning module InputCore (80)
[2020.02.28-09.18.45:852][535]LogModuleManager: Shutting down and abandoning module Settings (78)
[2020.02.28-09.18.45:852][535]LogModuleManager: Shutting down and abandoning module DirectoryWatcher (76)
[2020.02.28-09.18.45:852][535]LogModuleManager: Shutting down and abandoning module PhysXCooking (74)
[2020.02.28-09.18.45:852][535]LogModuleManager: Shutting down and abandoning module SteamVR (72)
[2020.02.28-09.18.45:852][535]LogHMD: Freeing OpenVRDLLHandle.
[2020.02.28-09.18.45:852][535]LogModuleManager: Shutting down and abandoning module OculusHMD (70)
[2020.02.28-09.18.45:852][535]LogModuleManager: Shutting down and abandoning module ExampleDeviceProfileSelector (68)
[2020.02.28-09.18.45:852][535]LogModuleManager: Shutting down and abandoning module LauncherChunkInstaller (66)
[2020.02.28-09.18.45:852][535]LogModuleManager: Shutting down and abandoning module OnlineBlueprintSupport (64)
[2020.02.28-09.18.45:852][535]LogModuleManager: Shutting down and abandoning module OnlineSubsystem (60)
[2020.02.28-09.18.45:853][535]LogModuleManager: Shutting down and abandoning module XMPP (55)
[2020.02.28-09.18.45:853][535]LogModuleManager: Shutting down and abandoning module WebSockets (54)
[2020.02.28-09.18.45:871][535]LogModuleManager: Shutting down and abandoning module HTTP (51)
[2020.02.28-09.18.45:871][535]LogHttp: Display: Http module shutting down, but needs to wait on 1 outstanding Http requests:
[2020.02.28-09.18.45:871][535]LogHttp: Display: 	verb=[POST] url=[https://datarouter.ol.epicgames.com/datarouter/api/v1/public/data?SessionID=%7B7BED424D-45F4-4E48-4C6C-2A90F9C6204B%7D&AppID=UEEditor.Rocket.Release&AppVersion=4.22.3-7053642%2B%2B%2BUE4%2BRelease-4.22&UserID=bd96efe044b6d8c4d8ff8e8e8ffe8c32%7C1564fcc0ae2c49579ac14154f6d101a7%7C151cc5bc-78fa-4dfa-9e90-5403151867be&AppEnvironment=datacollector-binary&UploadType=eteventstream] status=Processing
[2020.02.28-09.18.45:877][535]LogModuleManager: Shutting down and abandoning module SSL (50)
[2020.02.28-09.18.45:879][535]LogModuleManager: Shutting down and abandoning module WmfMedia (46)
[2020.02.28-09.18.45:880][535]LogModuleManager: Shutting down and abandoning module Media (45)
[2020.02.28-09.18.45:886][535]LogModuleManager: Shutting down and abandoning module MagicLeap (42)
[2020.02.28-09.18.45:886][535]LogModuleManager: Shutting down and abandoning module DatasmithContent (40)
[2020.02.28-09.18.45:888][535]LogModuleManager: Shutting down and abandoning module AnimationModifiers (38)
[2020.02.28-09.18.45:888][535]LogModuleManager: Shutting down and abandoning module PropertyEditor (37)
[2020.02.28-09.18.45:888][535]LogModuleManager: Shutting down and abandoning module AudioEditor (34)
[2020.02.28-09.18.45:888][535]LogModuleManager: Shutting down and abandoning module TextureCompressor (32)
[2020.02.28-09.18.45:888][535]LogModuleManager: Shutting down and abandoning module RenderCore (30)
[2020.02.28-09.18.45:888][535]LogModuleManager: Shutting down and abandoning module Landscape (28)
[2020.02.28-09.18.45:888][535]LogModuleManager: Shutting down and abandoning module SlateRHIRenderer (26)
[2020.02.28-09.18.45:888][535]LogModuleManager: Shutting down and abandoning module OpenGLDrv (24)
[2020.02.28-09.18.45:888][535]LogModuleManager: Shutting down and abandoning module D3D11RHI (22)
[2020.02.28-09.18.45:888][535]LogModuleManager: Shutting down and abandoning module AnimGraphRuntime (20)
[2020.02.28-09.18.45:888][535]LogModuleManager: Shutting down and abandoning module Renderer (18)
[2020.02.28-09.18.45:888][535]LogModuleManager: Shutting down and abandoning module Engine (16)
[2020.02.28-09.18.45:889][535]LogModuleManager: Shutting down and abandoning module CoreUObject (14)
[2020.02.28-09.18.45:889][535]LogModuleManager: Shutting down and abandoning module NetworkFile (12)
[2020.02.28-09.18.45:889][535]LogModuleManager: Shutting down and abandoning module CookedIterativeFile (10)
[2020.02.28-09.18.45:889][535]LogModuleManager: Shutting down and abandoning module StreamingFile (8)
[2020.02.28-09.18.45:889][535]LogModuleManager: Shutting down and abandoning module SandboxFile (6)
[2020.02.28-09.18.45:889][535]LogModuleManager: Shutting down and abandoning module PakFile (4)
[2020.02.28-09.18.45:889][535]LogModuleManager: Shutting down and abandoning module RSA (3)
[2020.02.28-09.18.45:902][535]LogExit: Exiting.
[2020.02.28-09.18.45:909][535]Log file closed, 02/28/20 10:18:45
